{"C:\\Users\\apera\\Documents\\UniTestCode\\backend\\src\\main.ts": {"path":"C:\\Users\\apera\\Documents\\UniTestCode\\backend\\src\\main.ts","statementMap":{"0":{"start":{"line":7,"column":0},"end":{"line":7,"column":67}},"1":{"start":{"line":8,"column":0},"end":{"line":8,"column":24}},"2":{"start":{"line":9,"column":0},"end":{"line":9,"column":36}},"3":{"start":{"line":10,"column":0},"end":{"line":10,"column":35}},"4":{"start":{"line":11,"column":0},"end":{"line":11,"column":50}},"5":{"start":{"line":12,"column":0},"end":{"line":12,"column":42}},"6":{"start":{"line":13,"column":0},"end":{"line":13,"column":42}},"7":{"start":{"line":14,"column":0},"end":{"line":14,"column":50}},"8":{"start":{"line":16,"column":12},"end":{"line":16,"column":21}},"9":{"start":{"line":17,"column":19},"end":{"line":17,"column":36}},"10":{"start":{"line":22,"column":11},"end":{"line":27,"column":2}},"11":{"start":{"line":29,"column":0},"end":{"line":29,"column":16}},"12":{"start":{"line":30,"column":0},"end":{"line":30,"column":41}},"13":{"start":{"line":31,"column":0},"end":{"line":31,"column":63}},"14":{"start":{"line":33,"column":0},"end":{"line":33,"column":42}},"15":{"start":{"line":34,"column":0},"end":{"line":34,"column":33}},"16":{"start":{"line":35,"column":0},"end":{"line":35,"column":34}},"17":{"start":{"line":37,"column":0},"end":{"line":37,"column":17}},"18":{"start":{"line":43,"column":0},"end":{"line":51,"column":3}},"19":{"start":{"line":44,"column":17},"end":{"line":44,"column":38}},"20":{"start":{"line":45,"column":18},"end":{"line":45,"column":61}},"21":{"start":{"line":47,"column":2},"end":{"line":50,"column":5}},"22":{"start":{"line":53,"column":13},"end":{"line":53,"column":37}},"23":{"start":{"line":55,"column":0},"end":{"line":57,"column":3}},"24":{"start":{"line":56,"column":2},"end":{"line":56,"column":48}}},"fnMap":{"0":{"name":"(anonymous_1)","decl":{"start":{"line":43,"column":8},"end":{"line":43,"column":9}},"loc":{"start":{"line":43,"column":70},"end":{"line":51,"column":1}}},"1":{"name":"(anonymous_2)","decl":{"start":{"line":55,"column":24},"end":{"line":55,"column":27}},"loc":{"start":{"line":55,"column":29},"end":{"line":57,"column":1}}}},"branchMap":{"0":{"loc":{"start":{"line":44,"column":17},"end":{"line":44,"column":38}},"type":"binary-expr","locations":[{"start":{"line":44,"column":17},"end":{"line":44,"column":31}},{"start":{"line":44,"column":35},"end":{"line":44,"column":38}}]},"1":{"loc":{"start":{"line":45,"column":18},"end":{"line":45,"column":61}},"type":"binary-expr","locations":[{"start":{"line":45,"column":18},"end":{"line":45,"column":29}},{"start":{"line":45,"column":33},"end":{"line":45,"column":61}}]},"2":{"loc":{"start":{"line":53,"column":13},"end":{"line":53,"column":37}},"type":"binary-expr","locations":[{"start":{"line":53,"column":13},"end":{"line":53,"column":29}},{"start":{"line":53,"column":33},"end":{"line":53,"column":37}}]}},"s":{"0":4,"1":4,"2":4,"3":4,"4":4,"5":4,"6":4,"7":4,"8":4,"9":4,"10":4,"11":4,"12":4,"13":4,"14":4,"15":4,"16":4,"17":4,"18":4,"19":2,"20":2,"21":2,"22":4,"23":4,"24":1},"f":{"0":2,"1":1},"b":{"0":[2,1],"1":[2,1],"2":[4,0]}}
,"C:\\Users\\apera\\Documents\\UniTestCode\\backend\\src\\controllers\\auth.ts": {"path":"C:\\Users\\apera\\Documents\\UniTestCode\\backend\\src\\controllers\\auth.ts","statementMap":{"0":{"start":{"line":7,"column":0},"end":{"line":7,"column":28}},"1":{"start":{"line":8,"column":0},"end":{"line":8,"column":31}},"2":{"start":{"line":9,"column":0},"end":{"line":9,"column":43}},"3":{"start":{"line":10,"column":0},"end":{"line":10,"column":60}},"4":{"start":{"line":17,"column":19},"end":{"line":17,"column":68}},"5":{"start":{"line":22,"column":28},"end":{"line":22,"column":59}},"6":{"start":{"line":34,"column":13},"end":{"line":52,"column":3}},"7":{"start":{"line":35,"column":62},"end":{"line":35,"column":70}},"8":{"start":{"line":37,"column":2},"end":{"line":39,"column":3}},"9":{"start":{"line":38,"column":4},"end":{"line":38,"column":62}},"10":{"start":{"line":41,"column":25},"end":{"line":41,"column":62}},"11":{"start":{"line":43,"column":2},"end":{"line":51,"column":3}},"12":{"start":{"line":44,"column":17},"end":{"line":47,"column":6}},"13":{"start":{"line":48,"column":4},"end":{"line":48,"column":50}},"14":{"start":{"line":50,"column":4},"end":{"line":50,"column":87}},"15":{"start":{"line":63,"column":13},"end":{"line":79,"column":3}},"16":{"start":{"line":64,"column":48},"end":{"line":64,"column":56}},"17":{"start":{"line":66,"column":15},"end":{"line":66,"column":65}},"18":{"start":{"line":68,"column":2},"end":{"line":70,"column":3}},"19":{"start":{"line":69,"column":4},"end":{"line":69,"column":54}},"20":{"start":{"line":72,"column":16},"end":{"line":75,"column":null}},"21":{"start":{"line":78,"column":2},"end":{"line":78,"column":81}}},"fnMap":{"0":{"name":"(anonymous_1)","decl":{"start":{"line":34,"column":35},"end":{"line":34,"column":40}},"loc":{"start":{"line":34,"column":73},"end":{"line":52,"column":1}}},"1":{"name":"(anonymous_2)","decl":{"start":{"line":63,"column":32},"end":{"line":63,"column":37}},"loc":{"start":{"line":63,"column":70},"end":{"line":79,"column":1}}}},"branchMap":{"0":{"loc":{"start":{"line":17,"column":19},"end":{"line":17,"column":68}},"type":"binary-expr","locations":[{"start":{"line":17,"column":19},"end":{"line":17,"column":41}},{"start":{"line":17,"column":45},"end":{"line":17,"column":68}}]},"1":{"loc":{"start":{"line":37,"column":2},"end":{"line":39,"column":3}},"type":"if","locations":[{"start":{"line":37,"column":2},"end":{"line":39,"column":3}},{"start":{},"end":{}}]},"2":{"loc":{"start":{"line":41,"column":43},"end":{"line":41,"column":57}},"type":"binary-expr","locations":[{"start":{"line":41,"column":43},"end":{"line":41,"column":51}},{"start":{"line":41,"column":55},"end":{"line":41,"column":57}}]},"3":{"loc":{"start":{"line":45,"column":53},"end":{"line":45,"column":70}},"type":"binary-expr","locations":[{"start":{"line":45,"column":53},"end":{"line":45,"column":57}},{"start":{"line":45,"column":61},"end":{"line":45,"column":70}}]},"4":{"loc":{"start":{"line":68,"column":2},"end":{"line":70,"column":3}},"type":"if","locations":[{"start":{"line":68,"column":2},"end":{"line":70,"column":3}},{"start":{},"end":{}}]},"5":{"loc":{"start":{"line":68,"column":6},"end":{"line":68,"column":69}},"type":"binary-expr","locations":[{"start":{"line":68,"column":6},"end":{"line":68,"column":11}},{"start":{"line":68,"column":15},"end":{"line":68,"column":69}}]},"6":{"loc":{"start":{"line":68,"column":38},"end":{"line":68,"column":52}},"type":"binary-expr","locations":[{"start":{"line":68,"column":38},"end":{"line":68,"column":46}},{"start":{"line":68,"column":50},"end":{"line":68,"column":52}}]}},"s":{"0":5,"1":5,"2":5,"3":5,"4":5,"5":5,"6":5,"7":3,"8":3,"9":1,"10":2,"11":2,"12":2,"13":1,"14":1,"15":5,"16":3,"17":3,"18":3,"19":2,"20":1,"21":1},"f":{"0":3,"1":3},"b":{"0":[5,1],"1":[1,2],"2":[2,1],"3":[2,1],"4":[2,1],"5":[3,2],"6":[2,0]}}
,"C:\\Users\\apera\\Documents\\UniTestCode\\backend\\src\\controllers\\exercise.ts": {"path":"C:\\Users\\apera\\Documents\\UniTestCode\\backend\\src\\controllers\\exercise.ts","statementMap":{"0":{"start":{"line":8,"column":0},"end":{"line":8,"column":43}},"1":{"start":{"line":9,"column":0},"end":{"line":9,"column":77}},"2":{"start":{"line":10,"column":0},"end":{"line":10,"column":60}},"3":{"start":{"line":11,"column":0},"end":{"line":11,"column":60}},"4":{"start":{"line":19,"column":13},"end":{"line":24,"column":3}},"5":{"start":{"line":20,"column":20},"end":{"line":22,"column":4}},"6":{"start":{"line":23,"column":2},"end":{"line":23,"column":22}},"7":{"start":{"line":34,"column":13},"end":{"line":52,"column":3}},"8":{"start":{"line":35,"column":90},"end":{"line":35,"column":98}},"9":{"start":{"line":37,"column":26},"end":{"line":37,"column":108}},"10":{"start":{"line":39,"column":19},"end":{"line":50,"column":4}},"11":{"start":{"line":51,"column":2},"end":{"line":51,"column":33}},"12":{"start":{"line":61,"column":13},"end":{"line":85,"column":3}},"13":{"start":{"line":62,"column":17},"end":{"line":62,"column":27}},"14":{"start":{"line":63,"column":67},"end":{"line":63,"column":75}},"15":{"start":{"line":65,"column":42},"end":{"line":65,"column":44}},"16":{"start":{"line":66,"column":2},"end":{"line":66,"column":52}},"17":{"start":{"line":66,"column":27},"end":{"line":66,"column":52}},"18":{"start":{"line":67,"column":2},"end":{"line":67,"column":70}},"19":{"start":{"line":67,"column":33},"end":{"line":67,"column":70}},"20":{"start":{"line":68,"column":2},"end":{"line":68,"column":64}},"21":{"start":{"line":68,"column":31},"end":{"line":68,"column":64}},"22":{"start":{"line":69,"column":2},"end":{"line":69,"column":61}},"23":{"start":{"line":69,"column":30},"end":{"line":69,"column":61}},"24":{"start":{"line":71,"column":2},"end":{"line":76,"column":3}},"25":{"start":{"line":72,"column":4},"end":{"line":72,"column":41}},"26":{"start":{"line":73,"column":4},"end":{"line":75,"column":20}},"27":{"start":{"line":78,"column":19},"end":{"line":82,"column":4}},"28":{"start":{"line":84,"column":2},"end":{"line":84,"column":21}},"29":{"start":{"line":93,"column":13},"end":{"line":99,"column":3}},"30":{"start":{"line":94,"column":17},"end":{"line":94,"column":27}},"31":{"start":{"line":95,"column":2},"end":{"line":97,"column":5}},"32":{"start":{"line":98,"column":2},"end":{"line":98,"column":30}},"33":{"start":{"line":110,"column":13},"end":{"line":153,"column":3}},"34":{"start":{"line":111,"column":17},"end":{"line":111,"column":27}},"35":{"start":{"line":112,"column":42},"end":{"line":112,"column":50}},"36":{"start":{"line":114,"column":19},"end":{"line":117,"column":4}},"37":{"start":{"line":119,"column":2},"end":{"line":119,"column":68}},"38":{"start":{"line":119,"column":17},"end":{"line":119,"column":68}},"39":{"start":{"line":121,"column":22},"end":{"line":121,"column":24}},"40":{"start":{"line":123,"column":2},"end":{"line":129,"column":3}},"41":{"start":{"line":124,"column":22},"end":{"line":124,"column":76}},"42":{"start":{"line":125,"column":18},"end":{"line":125,"column":77}},"43":{"start":{"line":126,"column":4},"end":{"line":126,"column":43}},"44":{"start":{"line":128,"column":4},"end":{"line":128,"column":41}},"45":{"start":{"line":131,"column":23},"end":{"line":148,"column":4}},"46":{"start":{"line":132,"column":24},"end":{"line":132,"column":66}},"47":{"start":{"line":133,"column":22},"end":{"line":133,"column":68}},"48":{"start":{"line":136,"column":24},"end":{"line":136,"column":66}},"49":{"start":{"line":137,"column":26},"end":{"line":137,"column":65}},"50":{"start":{"line":138,"column":21},"end":{"line":138,"column":50}},"51":{"start":{"line":140,"column":4},"end":{"line":147,"column":6}},"52":{"start":{"line":150,"column":18},"end":{"line":150,"column":49}},"53":{"start":{"line":151,"column":20},"end":{"line":151,"column":48}},"54":{"start":{"line":151,"column":39},"end":{"line":151,"column":47}},"55":{"start":{"line":152,"column":2},"end":{"line":152,"column":50}},"56":{"start":{"line":161,"column":13},"end":{"line":174,"column":3}},"57":{"start":{"line":162,"column":17},"end":{"line":162,"column":27}},"58":{"start":{"line":163,"column":31},"end":{"line":163,"column":39}},"59":{"start":{"line":165,"column":19},"end":{"line":171,"column":4}},"60":{"start":{"line":173,"column":2},"end":{"line":173,"column":33}},"61":{"start":{"line":182,"column":13},"end":{"line":188,"column":3}},"62":{"start":{"line":183,"column":21},"end":{"line":183,"column":31}},"63":{"start":{"line":184,"column":2},"end":{"line":186,"column":5}},"64":{"start":{"line":187,"column":2},"end":{"line":187,"column":30}},"65":{"start":{"line":197,"column":13},"end":{"line":231,"column":3}},"66":{"start":{"line":198,"column":20},"end":{"line":198,"column":28}},"67":{"start":{"line":199,"column":17},"end":{"line":199,"column":18}},"68":{"start":{"line":200,"column":16},"end":{"line":200,"column":17}},"69":{"start":{"line":202,"column":2},"end":{"line":229,"column":3}},"70":{"start":{"line":203,"column":21},"end":{"line":205,"column":6}},"71":{"start":{"line":207,"column":4},"end":{"line":210,"column":5}},"72":{"start":{"line":208,"column":6},"end":{"line":208,"column":16}},"73":{"start":{"line":209,"column":6},"end":{"line":209,"column":15}},"74":{"start":{"line":212,"column":4},"end":{"line":227,"column":7}},"75":{"start":{"line":221,"column":45},"end":{"line":224,"column":12}},"76":{"start":{"line":228,"column":4},"end":{"line":228,"column":15}},"77":{"start":{"line":230,"column":2},"end":{"line":230,"column":49}}},"fnMap":{"0":{"name":"(anonymous_0)","decl":{"start":{"line":19,"column":39},"end":{"line":19,"column":44}},"loc":{"start":{"line":19,"column":77},"end":{"line":24,"column":1}}},"1":{"name":"(anonymous_1)","decl":{"start":{"line":34,"column":41},"end":{"line":34,"column":46}},"loc":{"start":{"line":34,"column":79},"end":{"line":52,"column":1}}},"2":{"name":"(anonymous_2)","decl":{"start":{"line":61,"column":41},"end":{"line":61,"column":46}},"loc":{"start":{"line":61,"column":79},"end":{"line":85,"column":1}}},"3":{"name":"(anonymous_3)","decl":{"start":{"line":93,"column":41},"end":{"line":93,"column":46}},"loc":{"start":{"line":93,"column":79},"end":{"line":99,"column":1}}},"4":{"name":"(anonymous_4)","decl":{"start":{"line":110,"column":43},"end":{"line":110,"column":48}},"loc":{"start":{"line":110,"column":81},"end":{"line":153,"column":1}}},"5":{"name":"(anonymous_5)","decl":{"start":{"line":131,"column":42},"end":{"line":131,"column":47}},"loc":{"start":{"line":131,"column":57},"end":{"line":148,"column":3}}},"6":{"name":"(anonymous_6)","decl":{"start":{"line":151,"column":34},"end":{"line":151,"column":35}},"loc":{"start":{"line":151,"column":39},"end":{"line":151,"column":47}}},"7":{"name":"(anonymous_7)","decl":{"start":{"line":161,"column":41},"end":{"line":161,"column":46}},"loc":{"start":{"line":161,"column":79},"end":{"line":174,"column":1}}},"8":{"name":"(anonymous_8)","decl":{"start":{"line":182,"column":41},"end":{"line":182,"column":46}},"loc":{"start":{"line":182,"column":79},"end":{"line":188,"column":1}}},"9":{"name":"(anonymous_9)","decl":{"start":{"line":197,"column":42},"end":{"line":197,"column":47}},"loc":{"start":{"line":197,"column":80},"end":{"line":231,"column":1}}},"10":{"name":"(anonymous_10)","decl":{"start":{"line":221,"column":32},"end":{"line":221,"column":33}},"loc":{"start":{"line":221,"column":45},"end":{"line":224,"column":12}}}},"branchMap":{"0":{"loc":{"start":{"line":35,"column":50},"end":{"line":35,"column":67}},"type":"default-arg","locations":[{"start":{"line":35,"column":61},"end":{"line":35,"column":67}}]},"1":{"loc":{"start":{"line":35,"column":69},"end":{"line":35,"column":85}},"type":"default-arg","locations":[{"start":{"line":35,"column":81},"end":{"line":35,"column":85}}]},"2":{"loc":{"start":{"line":37,"column":26},"end":{"line":37,"column":108}},"type":"cond-expr","locations":[{"start":{"line":37,"column":48},"end":{"line":37,"column":86}},{"start":{"line":37,"column":90},"end":{"line":37,"column":107}}]},"3":{"loc":{"start":{"line":37,"column":68},"end":{"line":37,"column":85}},"type":"binary-expr","locations":[{"start":{"line":37,"column":68},"end":{"line":37,"column":79}},{"start":{"line":37,"column":83},"end":{"line":37,"column":85}}]},"4":{"loc":{"start":{"line":37,"column":90},"end":{"line":37,"column":107}},"type":"binary-expr","locations":[{"start":{"line":37,"column":90},"end":{"line":37,"column":101}},{"start":{"line":37,"column":105},"end":{"line":37,"column":107}}]},"5":{"loc":{"start":{"line":45,"column":19},"end":{"line":45,"column":36}},"type":"binary-expr","locations":[{"start":{"line":45,"column":19},"end":{"line":45,"column":30}},{"start":{"line":45,"column":34},"end":{"line":45,"column":36}}]},"6":{"loc":{"start":{"line":47,"column":13},"end":{"line":47,"column":50}},"type":"cond-expr","locations":[{"start":{"line":47,"column":21},"end":{"line":47,"column":38}},{"start":{"line":47,"column":41},"end":{"line":47,"column":50}}]},"7":{"loc":{"start":{"line":66,"column":2},"end":{"line":66,"column":52}},"type":"if","locations":[{"start":{"line":66,"column":2},"end":{"line":66,"column":52}},{"start":{},"end":{}}]},"8":{"loc":{"start":{"line":67,"column":2},"end":{"line":67,"column":70}},"type":"if","locations":[{"start":{"line":67,"column":2},"end":{"line":67,"column":70}},{"start":{},"end":{}}]},"9":{"loc":{"start":{"line":68,"column":2},"end":{"line":68,"column":64}},"type":"if","locations":[{"start":{"line":68,"column":2},"end":{"line":68,"column":64}},{"start":{},"end":{}}]},"10":{"loc":{"start":{"line":69,"column":2},"end":{"line":69,"column":61}},"type":"if","locations":[{"start":{"line":69,"column":2},"end":{"line":69,"column":61}},{"start":{},"end":{}}]},"11":{"loc":{"start":{"line":71,"column":2},"end":{"line":76,"column":3}},"type":"if","locations":[{"start":{"line":71,"column":2},"end":{"line":76,"column":3}},{"start":{},"end":{}}]},"12":{"loc":{"start":{"line":73,"column":33},"end":{"line":75,"column":19}},"type":"cond-expr","locations":[{"start":{"line":74,"column":8},"end":{"line":74,"column":40}},{"start":{"line":75,"column":8},"end":{"line":75,"column":19}}]},"13":{"loc":{"start":{"line":73,"column":34},"end":{"line":73,"column":63}},"type":"binary-expr","locations":[{"start":{"line":73,"column":34},"end":{"line":73,"column":53}},{"start":{"line":73,"column":57},"end":{"line":73,"column":63}}]},"14":{"loc":{"start":{"line":119,"column":2},"end":{"line":119,"column":68}},"type":"if","locations":[{"start":{"line":119,"column":2},"end":{"line":119,"column":68}},{"start":{},"end":{}}]},"15":{"loc":{"start":{"line":124,"column":22},"end":{"line":124,"column":76}},"type":"binary-expr","locations":[{"start":{"line":124,"column":22},"end":{"line":124,"column":46}},{"start":{"line":124,"column":50},"end":{"line":124,"column":70}},{"start":{"line":124,"column":74},"end":{"line":124,"column":76}}]},"16":{"loc":{"start":{"line":132,"column":24},"end":{"line":132,"column":66}},"type":"cond-expr","locations":[{"start":{"line":132,"column":38},"end":{"line":132,"column":61}},{"start":{"line":132,"column":64},"end":{"line":132,"column":66}}]},"17":{"loc":{"start":{"line":207,"column":4},"end":{"line":210,"column":5}},"type":"if","locations":[{"start":{"line":207,"column":4},"end":{"line":210,"column":5}},{"start":{},"end":{}}]},"18":{"loc":{"start":{"line":216,"column":18},"end":{"line":216,"column":39}},"type":"binary-expr","locations":[{"start":{"line":216,"column":18},"end":{"line":216,"column":29}},{"start":{"line":216,"column":33},"end":{"line":216,"column":39}}]},"19":{"loc":{"start":{"line":217,"column":19},"end":{"line":217,"column":39}},"type":"binary-expr","locations":[{"start":{"line":217,"column":19},"end":{"line":217,"column":31}},{"start":{"line":217,"column":35},"end":{"line":217,"column":39}}]},"20":{"loc":{"start":{"line":221,"column":18},"end":{"line":224,"column":19}},"type":"binary-expr","locations":[{"start":{"line":221,"column":18},"end":{"line":224,"column":13}},{"start":{"line":224,"column":17},"end":{"line":224,"column":19}}]}},"s":{"0":5,"1":5,"2":5,"3":5,"4":5,"5":1,"6":1,"7":5,"8":2,"9":2,"10":2,"11":2,"12":5,"13":1,"14":1,"15":1,"16":1,"17":0,"18":1,"19":0,"20":1,"21":0,"22":1,"23":1,"24":1,"25":1,"26":1,"27":1,"28":1,"29":5,"30":1,"31":1,"32":1,"33":5,"34":3,"35":3,"36":3,"37":3,"38":1,"39":2,"40":2,"41":2,"42":2,"43":1,"44":1,"45":1,"46":1,"47":1,"48":1,"49":1,"50":1,"51":1,"52":1,"53":1,"54":1,"55":1,"56":5,"57":1,"58":1,"59":1,"60":1,"61":5,"62":1,"63":1,"64":1,"65":5,"66":1,"67":1,"68":1,"69":1,"70":2,"71":2,"72":1,"73":1,"74":1,"75":0,"76":1,"77":1},"f":{"0":1,"1":2,"2":1,"3":1,"4":3,"5":1,"6":1,"7":1,"8":1,"9":1,"10":0},"b":{"0":[0],"1":[2],"2":[1,1],"3":[1,0],"4":[1,0],"5":[2,0],"6":[0,2],"7":[0,1],"8":[0,1],"9":[0,1],"10":[1,0],"11":[1,0],"12":[1,0],"13":[1,0],"14":[1,2],"15":[2,1,1],"16":[1,0],"17":[1,1],"18":[1,1],"19":[1,1],"20":[1,1]}}
,"C:\\Users\\apera\\Documents\\UniTestCode\\backend\\src\\controllers\\user.ts": {"path":"C:\\Users\\apera\\Documents\\UniTestCode\\backend\\src\\controllers\\user.ts","statementMap":{"0":{"start":{"line":7,"column":0},"end":{"line":7,"column":28}},"1":{"start":{"line":8,"column":0},"end":{"line":8,"column":43}},"2":{"start":{"line":10,"column":0},"end":{"line":10,"column":60}},"3":{"start":{"line":19,"column":13},"end":{"line":25,"column":3}},"4":{"start":{"line":20,"column":16},"end":{"line":23,"column":4}},"5":{"start":{"line":24,"column":2},"end":{"line":24,"column":18}},"6":{"start":{"line":35,"column":13},"end":{"line":52,"column":3}},"7":{"start":{"line":36,"column":36},"end":{"line":36,"column":44}},"8":{"start":{"line":37,"column":25},"end":{"line":37,"column":56}},"9":{"start":{"line":39,"column":2},"end":{"line":51,"column":3}},"10":{"start":{"line":40,"column":17},"end":{"line":47,"column":6}},"11":{"start":{"line":48,"column":4},"end":{"line":48,"column":31}},"12":{"start":{"line":50,"column":4},"end":{"line":50,"column":73}},"13":{"start":{"line":60,"column":13},"end":{"line":78,"column":3}},"14":{"start":{"line":61,"column":17},"end":{"line":61,"column":27}},"15":{"start":{"line":62,"column":36},"end":{"line":62,"column":44}},"16":{"start":{"line":64,"column":44},"end":{"line":64,"column":59}},"17":{"start":{"line":67,"column":2},"end":{"line":69,"column":3}},"18":{"start":{"line":68,"column":4},"end":{"line":68,"column":60}},"19":{"start":{"line":71,"column":22},"end":{"line":75,"column":4}},"20":{"start":{"line":77,"column":2},"end":{"line":77,"column":24}},"21":{"start":{"line":89,"column":13},"end":{"line":98,"column":3}},"22":{"start":{"line":90,"column":17},"end":{"line":90,"column":27}},"23":{"start":{"line":92,"column":2},"end":{"line":94,"column":3}},"24":{"start":{"line":93,"column":4},"end":{"line":93,"column":66}},"25":{"start":{"line":96,"column":2},"end":{"line":96,"column":58}},"26":{"start":{"line":97,"column":2},"end":{"line":97,"column":30}},"27":{"start":{"line":107,"column":13},"end":{"line":130,"column":3}},"28":{"start":{"line":108,"column":16},"end":{"line":108,"column":24}},"29":{"start":{"line":109,"column":17},"end":{"line":109,"column":18}},"30":{"start":{"line":110,"column":16},"end":{"line":110,"column":17}},"31":{"start":{"line":113,"column":26},"end":{"line":113,"column":57}},"32":{"start":{"line":115,"column":2},"end":{"line":128,"column":3}},"33":{"start":{"line":116,"column":4},"end":{"line":116,"column":27}},"34":{"start":{"line":116,"column":18},"end":{"line":116,"column":27}},"35":{"start":{"line":118,"column":21},"end":{"line":118,"column":80}},"36":{"start":{"line":119,"column":4},"end":{"line":122,"column":5}},"37":{"start":{"line":120,"column":6},"end":{"line":120,"column":16}},"38":{"start":{"line":121,"column":6},"end":{"line":121,"column":15}},"39":{"start":{"line":124,"column":4},"end":{"line":126,"column":7}},"40":{"start":{"line":127,"column":4},"end":{"line":127,"column":15}},"41":{"start":{"line":129,"column":2},"end":{"line":129,"column":34}}},"fnMap":{"0":{"name":"(anonymous_1)","decl":{"start":{"line":19,"column":35},"end":{"line":19,"column":40}},"loc":{"start":{"line":19,"column":73},"end":{"line":25,"column":1}}},"1":{"name":"(anonymous_2)","decl":{"start":{"line":35,"column":37},"end":{"line":35,"column":42}},"loc":{"start":{"line":35,"column":75},"end":{"line":52,"column":1}}},"2":{"name":"(anonymous_3)","decl":{"start":{"line":60,"column":37},"end":{"line":60,"column":42}},"loc":{"start":{"line":60,"column":75},"end":{"line":78,"column":1}}},"3":{"name":"(anonymous_4)","decl":{"start":{"line":89,"column":37},"end":{"line":89,"column":42}},"loc":{"start":{"line":89,"column":79},"end":{"line":98,"column":1}}},"4":{"name":"(anonymous_5)","decl":{"start":{"line":107,"column":38},"end":{"line":107,"column":43}},"loc":{"start":{"line":107,"column":76},"end":{"line":130,"column":1}}}},"branchMap":{"0":{"loc":{"start":{"line":44,"column":14},"end":{"line":44,"column":31}},"type":"binary-expr","locations":[{"start":{"line":44,"column":14},"end":{"line":44,"column":18}},{"start":{"line":44,"column":22},"end":{"line":44,"column":31}}]},"1":{"loc":{"start":{"line":67,"column":2},"end":{"line":69,"column":3}},"type":"if","locations":[{"start":{"line":67,"column":2},"end":{"line":69,"column":3}},{"start":{},"end":{}}]},"2":{"loc":{"start":{"line":67,"column":6},"end":{"line":67,"column":40}},"type":"binary-expr","locations":[{"start":{"line":67,"column":6},"end":{"line":67,"column":14}},{"start":{"line":67,"column":18},"end":{"line":67,"column":40}}]},"3":{"loc":{"start":{"line":92,"column":2},"end":{"line":94,"column":3}},"type":"if","locations":[{"start":{"line":92,"column":2},"end":{"line":94,"column":3}},{"start":{},"end":{}}]},"4":{"loc":{"start":{"line":116,"column":4},"end":{"line":116,"column":27}},"type":"if","locations":[{"start":{"line":116,"column":4},"end":{"line":116,"column":27}},{"start":{},"end":{}}]},"5":{"loc":{"start":{"line":119,"column":4},"end":{"line":122,"column":5}},"type":"if","locations":[{"start":{"line":119,"column":4},"end":{"line":122,"column":5}},{"start":{},"end":{}}]},"6":{"loc":{"start":{"line":125,"column":63},"end":{"line":125,"column":82}},"type":"binary-expr","locations":[{"start":{"line":125,"column":63},"end":{"line":125,"column":69}},{"start":{"line":125,"column":73},"end":{"line":125,"column":82}}]}},"s":{"0":5,"1":5,"2":5,"3":5,"4":1,"5":1,"6":5,"7":2,"8":2,"9":2,"10":2,"11":1,"12":1,"13":5,"14":2,"15":2,"16":2,"17":2,"18":1,"19":2,"20":2,"21":5,"22":2,"23":2,"24":1,"25":1,"26":1,"27":5,"28":1,"29":1,"30":1,"31":1,"32":1,"33":3,"34":1,"35":2,"36":2,"37":1,"38":1,"39":1,"40":1,"41":1},"f":{"0":1,"1":2,"2":2,"3":2,"4":1},"b":{"0":[2,2],"1":[1,1],"2":[2,1],"3":[1,1],"4":[1,2],"5":[1,1],"6":[1,1]}}
,"C:\\Users\\apera\\Documents\\UniTestCode\\backend\\src\\middleware\\auth.ts": {"path":"C:\\Users\\apera\\Documents\\UniTestCode\\backend\\src\\middleware\\auth.ts","statementMap":{"0":{"start":{"line":7,"column":0},"end":{"line":7,"column":31}},"1":{"start":{"line":8,"column":0},"end":{"line":8,"column":48}},"2":{"start":{"line":10,"column":19},"end":{"line":10,"column":68}},"3":{"start":{"line":40,"column":27},"end":{"line":56,"column":1}},"4":{"start":{"line":41,"column":21},"end":{"line":41,"column":46}},"5":{"start":{"line":43,"column":2},"end":{"line":45,"column":3}},"6":{"start":{"line":44,"column":4},"end":{"line":44,"column":98}},"7":{"start":{"line":47,"column":16},"end":{"line":47,"column":40}},"8":{"start":{"line":49,"column":2},"end":{"line":55,"column":3}},"9":{"start":{"line":50,"column":20},"end":{"line":50,"column":63}},"10":{"start":{"line":51,"column":4},"end":{"line":51,"column":23}},"11":{"start":{"line":52,"column":4},"end":{"line":52,"column":11}},"12":{"start":{"line":54,"column":4},"end":{"line":54,"column":83}},"13":{"start":{"line":40,"column":13},"end":{"line":40,"column":27}},"14":{"start":{"line":66,"column":30},"end":{"line":71,"column":1}},"15":{"start":{"line":67,"column":2},"end":{"line":69,"column":3}},"16":{"start":{"line":68,"column":4},"end":{"line":68,"column":90}},"17":{"start":{"line":70,"column":2},"end":{"line":70,"column":9}},"18":{"start":{"line":66,"column":13},"end":{"line":66,"column":30}}},"fnMap":{"0":{"name":"(anonymous_1)","decl":{"start":{"line":40,"column":27},"end":{"line":40,"column":28}},"loc":{"start":{"line":40,"column":84},"end":{"line":56,"column":1}}},"1":{"name":"(anonymous_2)","decl":{"start":{"line":66,"column":30},"end":{"line":66,"column":31}},"loc":{"start":{"line":66,"column":87},"end":{"line":71,"column":1}}}},"branchMap":{"0":{"loc":{"start":{"line":10,"column":19},"end":{"line":10,"column":68}},"type":"binary-expr","locations":[{"start":{"line":10,"column":19},"end":{"line":10,"column":41}},{"start":{"line":10,"column":45},"end":{"line":10,"column":68}}]},"1":{"loc":{"start":{"line":43,"column":2},"end":{"line":45,"column":3}},"type":"if","locations":[{"start":{"line":43,"column":2},"end":{"line":45,"column":3}},{"start":{},"end":{}}]},"2":{"loc":{"start":{"line":43,"column":6},"end":{"line":43,"column":54}},"type":"binary-expr","locations":[{"start":{"line":43,"column":6},"end":{"line":43,"column":17}},{"start":{"line":43,"column":21},"end":{"line":43,"column":54}}]},"3":{"loc":{"start":{"line":67,"column":2},"end":{"line":69,"column":3}},"type":"if","locations":[{"start":{"line":67,"column":2},"end":{"line":69,"column":3}},{"start":{},"end":{}}]},"4":{"loc":{"start":{"line":67,"column":6},"end":{"line":67,"column":46}},"type":"binary-expr","locations":[{"start":{"line":67,"column":6},"end":{"line":67,"column":15}},{"start":{"line":67,"column":19},"end":{"line":67,"column":46}}]}},"s":{"0":5,"1":5,"2":5,"3":5,"4":4,"5":4,"6":2,"7":2,"8":2,"9":2,"10":1,"11":1,"12":1,"13":5,"14":5,"15":3,"16":2,"17":1,"18":5},"f":{"0":4,"1":3},"b":{"0":[5,1],"1":[2,2],"2":[4,3],"3":[2,1],"4":[3,2]}}
,"C:\\Users\\apera\\Documents\\UniTestCode\\backend\\src\\routes\\auth.ts": {"path":"C:\\Users\\apera\\Documents\\UniTestCode\\backend\\src\\routes\\auth.ts","statementMap":{"0":{"start":{"line":9,"column":0},"end":{"line":9,"column":33}},"1":{"start":{"line":10,"column":0},"end":{"line":10,"column":57}},"2":{"start":{"line":12,"column":15},"end":{"line":12,"column":23}},"3":{"start":{"line":14,"column":0},"end":{"line":14,"column":35}},"4":{"start":{"line":15,"column":0},"end":{"line":15,"column":29}},"5":{"start":{"line":17,"column":0},"end":{"line":17,"column":22}}},"fnMap":{},"branchMap":{},"s":{"0":5,"1":5,"2":5,"3":5,"4":5,"5":5},"f":{},"b":{}}
,"C:\\Users\\apera\\Documents\\UniTestCode\\backend\\src\\routes\\exercise.ts": {"path":"C:\\Users\\apera\\Documents\\UniTestCode\\backend\\src\\routes\\exercise.ts","statementMap":{"0":{"start":{"line":15,"column":0},"end":{"line":15,"column":33}},"1":{"start":{"line":16,"column":0},"end":{"line":16,"column":null}},"2":{"start":{"line":27,"column":15},"end":{"line":27,"column":23}},"3":{"start":{"line":29,"column":0},"end":{"line":29,"column":30}},"4":{"start":{"line":30,"column":0},"end":{"line":30,"column":33}},"5":{"start":{"line":31,"column":0},"end":{"line":31,"column":40}},"6":{"start":{"line":32,"column":0},"end":{"line":32,"column":35}},"7":{"start":{"line":33,"column":0},"end":{"line":33,"column":38}},"8":{"start":{"line":35,"column":0},"end":{"line":35,"column":42}},"9":{"start":{"line":36,"column":0},"end":{"line":36,"column":52}},"10":{"start":{"line":38,"column":0},"end":{"line":38,"column":47}},"11":{"start":{"line":40,"column":0},"end":{"line":40,"column":22}}},"fnMap":{},"branchMap":{},"s":{"0":5,"1":5,"2":5,"3":5,"4":5,"5":5,"6":5,"7":5,"8":5,"9":5,"10":5,"11":5},"f":{},"b":{}}
,"C:\\Users\\apera\\Documents\\UniTestCode\\backend\\src\\routes\\user.ts": {"path":"C:\\Users\\apera\\Documents\\UniTestCode\\backend\\src\\routes\\user.ts","statementMap":{"0":{"start":{"line":13,"column":0},"end":{"line":13,"column":33}},"1":{"start":{"line":14,"column":0},"end":{"line":14,"column":99}},"2":{"start":{"line":15,"column":0},"end":{"line":15,"column":68}},"3":{"start":{"line":17,"column":15},"end":{"line":17,"column":23}},"4":{"start":{"line":19,"column":0},"end":{"line":19,"column":40}},"5":{"start":{"line":21,"column":0},"end":{"line":21,"column":26}},"6":{"start":{"line":22,"column":0},"end":{"line":22,"column":29}},"7":{"start":{"line":23,"column":0},"end":{"line":23,"column":36}},"8":{"start":{"line":24,"column":0},"end":{"line":24,"column":31}},"9":{"start":{"line":25,"column":0},"end":{"line":25,"column":34}},"10":{"start":{"line":27,"column":0},"end":{"line":27,"column":22}}},"fnMap":{},"branchMap":{},"s":{"0":5,"1":5,"2":5,"3":5,"4":5,"5":5,"6":5,"7":5,"8":5,"9":5,"10":5},"f":{},"b":{}}
,"C:\\Users\\apera\\Documents\\UniTestCode\\backend\\src\\services\\db.ts": {"path":"C:\\Users\\apera\\Documents\\UniTestCode\\backend\\src\\services\\db.ts","statementMap":{"0":{"start":{"line":6,"column":0},"end":{"line":6,"column":46}},"1":{"start":{"line":13,"column":24},"end":{"line":13,"column":81}},"2":{"start":{"line":18,"column":13},"end":{"line":18,"column":67}},"3":{"start":{"line":20,"column":0},"end":{"line":22,"column":1}},"4":{"start":{"line":21,"column":4},"end":{"line":21,"column":36}}},"fnMap":{},"branchMap":{"0":{"loc":{"start":{"line":18,"column":22},"end":{"line":18,"column":66}},"type":"binary-expr","locations":[{"start":{"line":18,"column":22},"end":{"line":18,"column":44}},{"start":{"line":18,"column":48},"end":{"line":18,"column":66}}]},"1":{"loc":{"start":{"line":20,"column":0},"end":{"line":22,"column":1}},"type":"if","locations":[{"start":{"line":20,"column":0},"end":{"line":22,"column":1}},{"start":{},"end":{}}]}},"s":{"0":7,"1":7,"2":7,"3":7,"4":6},"f":{},"b":{"0":[7,3],"1":[6,1]}}
,"C:\\Users\\apera\\Documents\\UniTestCode\\backend\\src\\services\\evaluator.ts": {"path":"C:\\Users\\apera\\Documents\\UniTestCode\\backend\\src\\services\\evaluator.ts","statementMap":{"0":{"start":{"line":7,"column":0},"end":{"line":7,"column":38}},"1":{"start":{"line":8,"column":0},"end":{"line":8,"column":20}},"2":{"start":{"line":9,"column":0},"end":{"line":9,"column":24}},"3":{"start":{"line":10,"column":0},"end":{"line":10,"column":20}},"4":{"start":{"line":11,"column":0},"end":{"line":11,"column":50}},"5":{"start":{"line":30,"column":16},"end":{"line":30,"column":61}},"6":{"start":{"line":31,"column":0},"end":{"line":31,"column":51}},"7":{"start":{"line":31,"column":29},"end":{"line":31,"column":51}},"8":{"start":{"line":42,"column":35},"end":{"line":93,"column":1}},"9":{"start":{"line":43,"column":27},"end":{"line":43,"column":38}},"10":{"start":{"line":44,"column":27},"end":{"line":44,"column":38}},"11":{"start":{"line":46,"column":27},"end":{"line":46,"column":49}},"12":{"start":{"line":48,"column":4},"end":{"line":52,"column":5}},"13":{"start":{"line":49,"column":22},"end":{"line":49,"column":79}},"14":{"start":{"line":50,"column":22},"end":{"line":50,"column":46}},"15":{"start":{"line":51,"column":8},"end":{"line":51,"column":47}},"16":{"start":{"line":51,"column":19},"end":{"line":51,"column":47}},"17":{"start":{"line":54,"column":4},"end":{"line":87,"column":5}},"18":{"start":{"line":55,"column":29},"end":{"line":55,"column":55}},"19":{"start":{"line":56,"column":29},"end":{"line":56,"column":55}},"20":{"start":{"line":58,"column":27},"end":{"line":58,"column":81}},"21":{"start":{"line":59,"column":25},"end":{"line":59,"column":96}},"22":{"start":{"line":61,"column":27},"end":{"line":65,"column":9}},"23":{"start":{"line":62,"column":26},"end":{"line":62,"column":66}},"24":{"start":{"line":62,"column":47},"end":{"line":62,"column":65}},"25":{"start":{"line":63,"column":24},"end":{"line":63,"column":62}},"26":{"start":{"line":63,"column":45},"end":{"line":63,"column":61}},"27":{"start":{"line":64,"column":12},"end":{"line":64,"column":71}},"28":{"start":{"line":67,"column":30},"end":{"line":67,"column":54}},"29":{"start":{"line":68,"column":8},"end":{"line":68,"column":110}},"30":{"start":{"line":68,"column":40},"end":{"line":68,"column":110}},"31":{"start":{"line":70,"column":30},"end":{"line":70,"column":54}},"32":{"start":{"line":71,"column":8},"end":{"line":71,"column":170}},"33":{"start":{"line":71,"column":40},"end":{"line":71,"column":170}},"34":{"start":{"line":73,"column":29},"end":{"line":73,"column":91}},"35":{"start":{"line":75,"column":8},"end":{"line":79,"column":21}},"36":{"start":{"line":81,"column":8},"end":{"line":81,"column":39}},"37":{"start":{"line":83,"column":9},"end":{"line":87,"column":5}},"38":{"start":{"line":84,"column":22},"end":{"line":84,"column":54}},"39":{"start":{"line":85,"column":8},"end":{"line":85,"column":56}},"40":{"start":{"line":86,"column":8},"end":{"line":86,"column":59}},"41":{"start":{"line":89,"column":4},"end":{"line":89,"column":89}},"42":{"start":{"line":90,"column":4},"end":{"line":90,"column":68}},"43":{"start":{"line":92,"column":4},"end":{"line":92,"column":50}},"44":{"start":{"line":42,"column":13},"end":{"line":42,"column":35}},"45":{"start":{"line":102,"column":23},"end":{"line":139,"column":1}},"46":{"start":{"line":103,"column":4},"end":{"line":138,"column":7}},"47":{"start":{"line":104,"column":25},"end":{"line":104,"column":70}},"48":{"start":{"line":105,"column":22},"end":{"line":105,"column":104}},"49":{"start":{"line":107,"column":35},"end":{"line":107,"column":37}},"50":{"start":{"line":108,"column":35},"end":{"line":108,"column":37}},"51":{"start":{"line":109,"column":30},"end":{"line":109,"column":35}},"52":{"start":{"line":112,"column":22},"end":{"line":115,"column":21}},"53":{"start":{"line":113,"column":12},"end":{"line":113,"column":35}},"54":{"start":{"line":114,"column":12},"end":{"line":114,"column":34}},"55":{"start":{"line":117,"column":8},"end":{"line":120,"column":9}},"56":{"start":{"line":118,"column":12},"end":{"line":118,"column":56}},"57":{"start":{"line":119,"column":12},"end":{"line":119,"column":30}},"58":{"start":{"line":122,"column":8},"end":{"line":122,"column":76}},"59":{"start":{"line":122,"column":42},"end":{"line":122,"column":74}},"60":{"start":{"line":123,"column":8},"end":{"line":123,"column":76}},"61":{"start":{"line":123,"column":42},"end":{"line":123,"column":74}},"62":{"start":{"line":125,"column":8},"end":{"line":132,"column":11}},"63":{"start":{"line":126,"column":12},"end":{"line":126,"column":32}},"64":{"start":{"line":127,"column":12},"end":{"line":131,"column":15}},"65":{"start":{"line":134,"column":8},"end":{"line":137,"column":11}},"66":{"start":{"line":135,"column":12},"end":{"line":135,"column":32}},"67":{"start":{"line":136,"column":12},"end":{"line":136,"column":24}},"68":{"start":{"line":149,"column":28},"end":{"line":162,"column":1}},"69":{"start":{"line":150,"column":21},"end":{"line":150,"column":90}},"70":{"start":{"line":151,"column":21},"end":{"line":151,"column":49}},"71":{"start":{"line":153,"column":4},"end":{"line":153,"column":54}},"72":{"start":{"line":155,"column":4},"end":{"line":161,"column":5}},"73":{"start":{"line":156,"column":8},"end":{"line":156,"column":63}},"74":{"start":{"line":158,"column":8},"end":{"line":160,"column":9}},"75":{"start":{"line":159,"column":12},"end":{"line":159,"column":63}},"76":{"start":{"line":149,"column":13},"end":{"line":149,"column":28}}},"fnMap":{"0":{"name":"(anonymous_1)","decl":{"start":{"line":42,"column":35},"end":{"line":42,"column":36}},"loc":{"start":{"line":42,"column":121},"end":{"line":93,"column":1}}},"1":{"name":"(anonymous_2)","decl":{"start":{"line":61,"column":27},"end":{"line":61,"column":28}},"loc":{"start":{"line":61,"column":47},"end":{"line":65,"column":9}}},"2":{"name":"(anonymous_3)","decl":{"start":{"line":62,"column":42},"end":{"line":62,"column":43}},"loc":{"start":{"line":62,"column":47},"end":{"line":62,"column":65}}},"3":{"name":"(anonymous_4)","decl":{"start":{"line":63,"column":40},"end":{"line":63,"column":41}},"loc":{"start":{"line":63,"column":45},"end":{"line":63,"column":61}}},"4":{"name":"(anonymous_5)","decl":{"start":{"line":102,"column":23},"end":{"line":102,"column":24}},"loc":{"start":{"line":102,"column":108},"end":{"line":139,"column":1}}},"5":{"name":"(anonymous_6)","decl":{"start":{"line":103,"column":23},"end":{"line":103,"column":24}},"loc":{"start":{"line":103,"column":43},"end":{"line":138,"column":5}}},"6":{"name":"(anonymous_7)","decl":{"start":{"line":112,"column":33},"end":{"line":112,"column":36}},"loc":{"start":{"line":112,"column":38},"end":{"line":115,"column":9}}},"7":{"name":"(anonymous_8)","decl":{"start":{"line":122,"column":32},"end":{"line":122,"column":33}},"loc":{"start":{"line":122,"column":42},"end":{"line":122,"column":74}}},"8":{"name":"(anonymous_9)","decl":{"start":{"line":123,"column":32},"end":{"line":123,"column":33}},"loc":{"start":{"line":123,"column":42},"end":{"line":123,"column":74}}},"9":{"name":"(anonymous_10)","decl":{"start":{"line":125,"column":26},"end":{"line":125,"column":29}},"loc":{"start":{"line":125,"column":31},"end":{"line":132,"column":9}}},"10":{"name":"(anonymous_11)","decl":{"start":{"line":134,"column":26},"end":{"line":134,"column":27}},"loc":{"start":{"line":134,"column":34},"end":{"line":137,"column":9}}},"11":{"name":"(anonymous_12)","decl":{"start":{"line":149,"column":28},"end":{"line":149,"column":33}},"loc":{"start":{"line":149,"column":123},"end":{"line":162,"column":1}}},"12":{"name":"(anonymous_13)","decl":{"start":{"line":159,"column":53},"end":{"line":159,"column":56}},"loc":{"start":{"line":159,"column":58},"end":{"line":159,"column":61}}}},"branchMap":{"0":{"loc":{"start":{"line":31,"column":0},"end":{"line":31,"column":51}},"type":"if","locations":[{"start":{"line":31,"column":0},"end":{"line":31,"column":51}},{"start":{},"end":{}}]},"1":{"loc":{"start":{"line":48,"column":4},"end":{"line":52,"column":5}},"type":"if","locations":[{"start":{"line":48,"column":4},"end":{"line":52,"column":5}},{"start":{},"end":{}}]},"2":{"loc":{"start":{"line":51,"column":8},"end":{"line":51,"column":47}},"type":"if","locations":[{"start":{"line":51,"column":8},"end":{"line":51,"column":47}},{"start":{},"end":{}}]},"3":{"loc":{"start":{"line":54,"column":4},"end":{"line":87,"column":5}},"type":"if","locations":[{"start":{"line":54,"column":4},"end":{"line":87,"column":5}},{"start":{"line":83,"column":9},"end":{"line":87,"column":5}}]},"4":{"loc":{"start":{"line":54,"column":8},"end":{"line":54,"column":58}},"type":"binary-expr","locations":[{"start":{"line":54,"column":8},"end":{"line":54,"column":24}},{"start":{"line":54,"column":28},"end":{"line":54,"column":58}}]},"5":{"loc":{"start":{"line":64,"column":33},"end":{"line":64,"column":68}},"type":"cond-expr","locations":[{"start":{"line":64,"column":46},"end":{"line":64,"column":62}},{"start":{"line":64,"column":65},"end":{"line":64,"column":68}}]},"6":{"loc":{"start":{"line":68,"column":8},"end":{"line":68,"column":110}},"type":"if","locations":[{"start":{"line":68,"column":8},"end":{"line":68,"column":110}},{"start":{},"end":{}}]},"7":{"loc":{"start":{"line":71,"column":8},"end":{"line":71,"column":170}},"type":"if","locations":[{"start":{"line":71,"column":8},"end":{"line":71,"column":170}},{"start":{},"end":{}}]},"8":{"loc":{"start":{"line":83,"column":9},"end":{"line":87,"column":5}},"type":"if","locations":[{"start":{"line":83,"column":9},"end":{"line":87,"column":5}},{"start":{},"end":{}}]},"9":{"loc":{"start":{"line":117,"column":8},"end":{"line":120,"column":9}},"type":"if","locations":[{"start":{"line":117,"column":8},"end":{"line":120,"column":9}},{"start":{},"end":{}}]},"10":{"loc":{"start":{"line":149,"column":55},"end":{"line":149,"column":76}},"type":"default-arg","locations":[{"start":{"line":149,"column":74},"end":{"line":149,"column":76}}]},"11":{"loc":{"start":{"line":149,"column":78},"end":{"line":149,"column":92}},"type":"default-arg","locations":[{"start":{"line":149,"column":88},"end":{"line":149,"column":92}}]},"12":{"loc":{"start":{"line":158,"column":8},"end":{"line":160,"column":9}},"type":"if","locations":[{"start":{"line":158,"column":8},"end":{"line":160,"column":9}},{"start":{},"end":{}}]}},"s":{"0":6,"1":6,"2":6,"3":6,"4":6,"5":6,"6":6,"7":1,"8":6,"9":6,"10":6,"11":6,"12":6,"13":3,"14":3,"15":3,"16":1,"17":6,"18":4,"19":4,"20":4,"21":4,"22":4,"23":7,"24":9,"25":7,"26":18,"27":7,"28":4,"29":4,"30":1,"31":3,"32":3,"33":1,"34":2,"35":2,"36":2,"37":2,"38":1,"39":1,"40":1,"41":4,"42":4,"43":4,"44":6,"45":6,"46":5,"47":5,"48":5,"49":5,"50":5,"51":5,"52":5,"53":1,"54":1,"55":5,"56":1,"57":1,"58":5,"59":1,"60":5,"61":1,"62":5,"63":4,"64":4,"65":5,"66":1,"67":1,"68":6,"69":5,"70":5,"71":5,"72":5,"73":5,"74":5,"75":4,"76":6},"f":{"0":6,"1":7,"2":9,"3":18,"4":5,"5":5,"6":1,"7":1,"8":1,"9":4,"10":1,"11":5,"12":1},"b":{"0":[1,5],"1":[3,3],"2":[1,2],"3":[4,2],"4":[6,4],"5":[2,5],"6":[1,3],"7":[1,2],"8":[1,1],"9":[1,4],"10":[3],"11":[4],"12":[4,1]}}
,"C:\\Users\\apera\\Documents\\UniTestCode\\backend\\src\\services\\parser.ts": {"path":"C:\\Users\\apera\\Documents\\UniTestCode\\backend\\src\\services\\parser.ts","statementMap":{"0":{"start":{"line":6,"column":31},"end":{"line":6,"column":77}},"1":{"start":{"line":9,"column":26},"end":{"line":68,"column":25}},"2":{"start":{"line":75,"column":25},"end":{"line":85,"column":1}},"3":{"start":{"line":77,"column":16},"end":{"line":77,"column":42}},"4":{"start":{"line":79,"column":4},"end":{"line":79,"column":44}},"5":{"start":{"line":81,"column":4},"end":{"line":81,"column":52}},"6":{"start":{"line":83,"column":4},"end":{"line":83,"column":97}},"7":{"start":{"line":84,"column":4},"end":{"line":84,"column":17}},"8":{"start":{"line":93,"column":25},"end":{"line":108,"column":1}},"9":{"start":{"line":94,"column":57},"end":{"line":94,"column":59}},"10":{"start":{"line":97,"column":16},"end":{"line":100,"column":6}},"11":{"start":{"line":98,"column":8},"end":{"line":98,"column":40}},"12":{"start":{"line":99,"column":8},"end":{"line":99,"column":18}},"13":{"start":{"line":103,"column":4},"end":{"line":106,"column":7}},"14":{"start":{"line":104,"column":22},"end":{"line":104,"column":56}},"15":{"start":{"line":105,"column":8},"end":{"line":105,"column":46}},"16":{"start":{"line":107,"column":4},"end":{"line":107,"column":17}},"17":{"start":{"line":116,"column":25},"end":{"line":118,"column":1}},"18":{"start":{"line":117,"column":4},"end":{"line":117,"column":91}},"19":{"start":{"line":127,"column":28},"end":{"line":151,"column":1}},"20":{"start":{"line":128,"column":22},"end":{"line":128,"column":35}},"21":{"start":{"line":129,"column":20},"end":{"line":129,"column":25}},"22":{"start":{"line":130,"column":23},"end":{"line":130,"column":24}},"23":{"start":{"line":131,"column":24},"end":{"line":131,"column":25}},"24":{"start":{"line":132,"column":16},"end":{"line":132,"column":58}},"25":{"start":{"line":135,"column":16},"end":{"line":140,"column":6}},"26":{"start":{"line":136,"column":22},"end":{"line":136,"column":62}},"27":{"start":{"line":137,"column":8},"end":{"line":137,"column":52}},"28":{"start":{"line":138,"column":8},"end":{"line":138,"column":25}},"29":{"start":{"line":139,"column":8},"end":{"line":139,"column":38}},"30":{"start":{"line":143,"column":4},"end":{"line":148,"column":7}},"31":{"start":{"line":144,"column":22},"end":{"line":144,"column":60}},"32":{"start":{"line":145,"column":8},"end":{"line":145,"column":51}},"33":{"start":{"line":146,"column":8},"end":{"line":146,"column":25}},"34":{"start":{"line":147,"column":8},"end":{"line":147,"column":38}},"35":{"start":{"line":150,"column":4},"end":{"line":150,"column":51}},"36":{"start":{"line":160,"column":30},"end":{"line":167,"column":1}},"37":{"start":{"line":161,"column":4},"end":{"line":166,"column":7}},"38":{"start":{"line":162,"column":23},"end":{"line":162,"column":36}},"39":{"start":{"line":163,"column":23},"end":{"line":163,"column":52}},"40":{"start":{"line":164,"column":19},"end":{"line":164,"column":66}},"41":{"start":{"line":165,"column":8},"end":{"line":165,"column":104}},"42":{"start":{"line":175,"column":25},"end":{"line":180,"column":1}},"43":{"start":{"line":176,"column":4},"end":{"line":178,"column":5}},"44":{"start":{"line":177,"column":8},"end":{"line":177,"column":42}},"45":{"start":{"line":179,"column":4},"end":{"line":179,"column":16}},"46":{"start":{"line":188,"column":35},"end":{"line":200,"column":1}},"47":{"start":{"line":189,"column":4},"end":{"line":189,"column":25}},"48":{"start":{"line":189,"column":15},"end":{"line":189,"column":25}},"49":{"start":{"line":191,"column":17},"end":{"line":191,"column":39}},"50":{"start":{"line":192,"column":4},"end":{"line":192,"column":71}},"51":{"start":{"line":193,"column":4},"end":{"line":193,"column":38}},"52":{"start":{"line":194,"column":4},"end":{"line":194,"column":38}},"53":{"start":{"line":195,"column":4},"end":{"line":195,"column":41}},"54":{"start":{"line":196,"column":4},"end":{"line":196,"column":43}},"55":{"start":{"line":197,"column":4},"end":{"line":197,"column":38}},"56":{"start":{"line":199,"column":4},"end":{"line":199,"column":18}},"57":{"start":{"line":188,"column":13},"end":{"line":188,"column":35}}},"fnMap":{"0":{"name":"(anonymous_0)","decl":{"start":{"line":75,"column":25},"end":{"line":75,"column":26}},"loc":{"start":{"line":75,"column":50},"end":{"line":85,"column":1}}},"1":{"name":"(anonymous_1)","decl":{"start":{"line":93,"column":25},"end":{"line":93,"column":26}},"loc":{"start":{"line":93,"column":50},"end":{"line":108,"column":1}}},"2":{"name":"(anonymous_2)","decl":{"start":{"line":97,"column":84},"end":{"line":97,"column":85}},"loc":{"start":{"line":97,"column":103},"end":{"line":100,"column":5}}},"3":{"name":"(anonymous_3)","decl":{"start":{"line":103,"column":22},"end":{"line":103,"column":23}},"loc":{"start":{"line":103,"column":26},"end":{"line":106,"column":5}}},"4":{"name":"(anonymous_4)","decl":{"start":{"line":116,"column":25},"end":{"line":116,"column":26}},"loc":{"start":{"line":116,"column":50},"end":{"line":118,"column":1}}},"5":{"name":"(anonymous_5)","decl":{"start":{"line":127,"column":28},"end":{"line":127,"column":29}},"loc":{"start":{"line":127,"column":53},"end":{"line":151,"column":1}}},"6":{"name":"(anonymous_6)","decl":{"start":{"line":135,"column":107},"end":{"line":135,"column":108}},"loc":{"start":{"line":135,"column":123},"end":{"line":140,"column":5}}},"7":{"name":"(anonymous_7)","decl":{"start":{"line":143,"column":104},"end":{"line":143,"column":105}},"loc":{"start":{"line":143,"column":120},"end":{"line":148,"column":5}}},"8":{"name":"(anonymous_8)","decl":{"start":{"line":160,"column":30},"end":{"line":160,"column":31}},"loc":{"start":{"line":160,"column":55},"end":{"line":167,"column":1}}},"9":{"name":"(anonymous_9)","decl":{"start":{"line":161,"column":95},"end":{"line":161,"column":96}},"loc":{"start":{"line":161,"column":127},"end":{"line":166,"column":5}}},"10":{"name":"(anonymous_10)","decl":{"start":{"line":175,"column":25},"end":{"line":175,"column":26}},"loc":{"start":{"line":175,"column":50},"end":{"line":180,"column":1}}},"11":{"name":"(anonymous_11)","decl":{"start":{"line":188,"column":35},"end":{"line":188,"column":36}},"loc":{"start":{"line":188,"column":60},"end":{"line":200,"column":1}}}},"branchMap":{"0":{"loc":{"start":{"line":150,"column":11},"end":{"line":150,"column":50}},"type":"cond-expr","locations":[{"start":{"line":150,"column":23},"end":{"line":150,"column":42}},{"start":{"line":150,"column":45},"end":{"line":150,"column":50}}]},"1":{"loc":{"start":{"line":163,"column":23},"end":{"line":163,"column":52}},"type":"cond-expr","locations":[{"start":{"line":163,"column":32},"end":{"line":163,"column":48}},{"start":{"line":163,"column":51},"end":{"line":163,"column":52}}]},"2":{"loc":{"start":{"line":164,"column":19},"end":{"line":164,"column":66}},"type":"cond-expr","locations":[{"start":{"line":164,"column":51},"end":{"line":164,"column":57}},{"start":{"line":164,"column":60},"end":{"line":164,"column":66}}]},"3":{"loc":{"start":{"line":176,"column":4},"end":{"line":178,"column":5}},"type":"if","locations":[{"start":{"line":176,"column":4},"end":{"line":178,"column":5}},{"start":{},"end":{}}]},"4":{"loc":{"start":{"line":189,"column":4},"end":{"line":189,"column":25}},"type":"if","locations":[{"start":{"line":189,"column":4},"end":{"line":189,"column":25}},{"start":{},"end":{}}]}},"s":{"0":6,"1":6,"2":6,"3":7,"4":7,"5":7,"6":7,"7":7,"8":6,"9":7,"10":7,"11":1,"12":1,"13":7,"14":1,"15":1,"16":7,"17":6,"18":7,"19":6,"20":7,"21":7,"22":7,"23":7,"24":7,"25":7,"26":1,"27":1,"28":1,"29":1,"30":7,"31":1,"32":1,"33":1,"34":1,"35":7,"36":6,"37":7,"38":3,"39":3,"40":3,"41":3,"42":6,"43":7,"44":1,"45":6,"46":6,"47":9,"48":2,"49":7,"50":7,"51":7,"52":7,"53":7,"54":7,"55":7,"56":7,"57":6},"f":{"0":7,"1":7,"2":1,"3":1,"4":7,"5":7,"6":1,"7":1,"8":7,"9":3,"10":7,"11":9},"b":{"0":[1,6],"1":[2,1],"2":[2,1],"3":[1,6],"4":[2,7]}}
,"C:\\Users\\apera\\Documents\\UniTestCode\\backend\\src\\sockets\\duelHandler.ts": {"path":"C:\\Users\\apera\\Documents\\UniTestCode\\backend\\src\\sockets\\duelHandler.ts","statementMap":{"0":{"start":{"line":8,"column":0},"end":{"line":8,"column":70}},"1":{"start":{"line":9,"column":0},"end":{"line":9,"column":24}},"2":{"start":{"line":10,"column":0},"end":{"line":10,"column":20}},"3":{"start":{"line":11,"column":0},"end":{"line":11,"column":20}},"4":{"start":{"line":12,"column":0},"end":{"line":12,"column":43}},"5":{"start":{"line":13,"column":0},"end":{"line":13,"column":77}},"6":{"start":{"line":14,"column":0},"end":{"line":14,"column":64}},"7":{"start":{"line":16,"column":16},"end":{"line":16,"column":61}},"8":{"start":{"line":17,"column":0},"end":{"line":17,"column":51}},"9":{"start":{"line":17,"column":29},"end":{"line":17,"column":51}},"10":{"start":{"line":24,"column":32},"end":{"line":159,"column":1}},"11":{"start":{"line":25,"column":66},"end":{"line":25,"column":70}},"12":{"start":{"line":26,"column":66},"end":{"line":26,"column":70}},"13":{"start":{"line":27,"column":24},"end":{"line":27,"column":26}},"14":{"start":{"line":28,"column":24},"end":{"line":28,"column":26}},"15":{"start":{"line":30,"column":2},"end":{"line":81,"column":5}},"16":{"start":{"line":31,"column":4},"end":{"line":31,"column":63}},"17":{"start":{"line":31,"column":28},"end":{"line":31,"column":63}},"18":{"start":{"line":32,"column":4},"end":{"line":32,"column":63}},"19":{"start":{"line":32,"column":28},"end":{"line":32,"column":63}},"20":{"start":{"line":34,"column":21},"end":{"line":34,"column":84}},"21":{"start":{"line":35,"column":4},"end":{"line":35,"column":26}},"22":{"start":{"line":35,"column":19},"end":{"line":35,"column":26}},"23":{"start":{"line":37,"column":27},"end":{"line":37,"column":29}},"24":{"start":{"line":38,"column":27},"end":{"line":38,"column":29}},"25":{"start":{"line":40,"column":4},"end":{"line":50,"column":5}},"26":{"start":{"line":41,"column":24},"end":{"line":41,"column":78}},"27":{"start":{"line":42,"column":20},"end":{"line":42,"column":79}},"28":{"start":{"line":43,"column":6},"end":{"line":43,"column":48}},"29":{"start":{"line":44,"column":6},"end":{"line":44,"column":35}},"30":{"start":{"line":46,"column":27},"end":{"line":46,"column":83}},"31":{"start":{"line":47,"column":6},"end":{"line":47,"column":92}},"32":{"start":{"line":48,"column":6},"end":{"line":48,"column":43}},"33":{"start":{"line":49,"column":6},"end":{"line":49,"column":13}},"34":{"start":{"line":52,"column":28},"end":{"line":52,"column":61}},"35":{"start":{"line":53,"column":28},"end":{"line":53,"column":61}},"36":{"start":{"line":55,"column":4},"end":{"line":55,"column":58}},"37":{"start":{"line":56,"column":4},"end":{"line":56,"column":58}},"38":{"start":{"line":58,"column":4},"end":{"line":58,"column":67}},"39":{"start":{"line":59,"column":4},"end":{"line":59,"column":67}},"40":{"start":{"line":61,"column":21},"end":{"line":61,"column":66}},"41":{"start":{"line":63,"column":4},"end":{"line":63,"column":100}},"42":{"start":{"line":64,"column":4},"end":{"line":64,"column":100}},"43":{"start":{"line":66,"column":4},"end":{"line":66,"column":112}},"44":{"start":{"line":66,"column":59},"end":{"line":66,"column":110}},"45":{"start":{"line":67,"column":4},"end":{"line":67,"column":121}},"46":{"start":{"line":67,"column":59},"end":{"line":67,"column":119}},"47":{"start":{"line":69,"column":4},"end":{"line":69,"column":112}},"48":{"start":{"line":69,"column":59},"end":{"line":69,"column":110}},"49":{"start":{"line":70,"column":4},"end":{"line":70,"column":121}},"50":{"start":{"line":70,"column":59},"end":{"line":70,"column":119}},"51":{"start":{"line":72,"column":4},"end":{"line":75,"column":7}},"52":{"start":{"line":73,"column":6},"end":{"line":73,"column":43}},"53":{"start":{"line":74,"column":6},"end":{"line":74,"column":44}},"54":{"start":{"line":77,"column":4},"end":{"line":80,"column":7}},"55":{"start":{"line":78,"column":6},"end":{"line":78,"column":43}},"56":{"start":{"line":79,"column":6},"end":{"line":79,"column":44}},"57":{"start":{"line":83,"column":2},"end":{"line":88,"column":5}},"58":{"start":{"line":84,"column":4},"end":{"line":84,"column":93}},"59":{"start":{"line":84,"column":56},"end":{"line":84,"column":93}},"60":{"start":{"line":85,"column":4},"end":{"line":85,"column":93}},"61":{"start":{"line":85,"column":56},"end":{"line":85,"column":93}},"62":{"start":{"line":87,"column":4},"end":{"line":87,"column":65}},"63":{"start":{"line":90,"column":2},"end":{"line":93,"column":5}},"64":{"start":{"line":91,"column":4},"end":{"line":91,"column":63}},"65":{"start":{"line":91,"column":28},"end":{"line":91,"column":63}},"66":{"start":{"line":92,"column":4},"end":{"line":92,"column":63}},"67":{"start":{"line":92,"column":28},"end":{"line":92,"column":63}},"68":{"start":{"line":95,"column":2},"end":{"line":100,"column":5}},"69":{"start":{"line":96,"column":4},"end":{"line":96,"column":63}},"70":{"start":{"line":96,"column":28},"end":{"line":96,"column":63}},"71":{"start":{"line":97,"column":4},"end":{"line":97,"column":63}},"72":{"start":{"line":97,"column":28},"end":{"line":97,"column":63}},"73":{"start":{"line":98,"column":4},"end":{"line":98,"column":42}},"74":{"start":{"line":99,"column":4},"end":{"line":99,"column":42}},"75":{"start":{"line":102,"column":2},"end":{"line":158,"column":5}},"76":{"start":{"line":103,"column":4},"end":{"line":157,"column":5}},"77":{"start":{"line":104,"column":23},"end":{"line":107,"column":8}},"78":{"start":{"line":109,"column":6},"end":{"line":112,"column":7}},"79":{"start":{"line":110,"column":8},"end":{"line":110,"column":101}},"80":{"start":{"line":111,"column":8},"end":{"line":111,"column":15}},"81":{"start":{"line":114,"column":19},"end":{"line":114,"column":44}},"82":{"start":{"line":115,"column":29},"end":{"line":115,"column":31}},"83":{"start":{"line":117,"column":6},"end":{"line":132,"column":7}},"84":{"start":{"line":118,"column":26},"end":{"line":118,"column":80}},"85":{"start":{"line":120,"column":26},"end":{"line":120,"column":70}},"86":{"start":{"line":121,"column":22},"end":{"line":121,"column":75}},"87":{"start":{"line":122,"column":8},"end":{"line":122,"column":50}},"88":{"start":{"line":124,"column":29},"end":{"line":124,"column":85}},"89":{"start":{"line":125,"column":8},"end":{"line":130,"column":11}},"90":{"start":{"line":131,"column":8},"end":{"line":131,"column":15}},"91":{"start":{"line":134,"column":21},"end":{"line":134,"column":79}},"92":{"start":{"line":135,"column":21},"end":{"line":135,"column":65}},"93":{"start":{"line":137,"column":24},"end":{"line":137,"column":74}},"94":{"start":{"line":137,"column":41},"end":{"line":137,"column":74}},"95":{"start":{"line":138,"column":21},"end":{"line":138,"column":74}},"96":{"start":{"line":140,"column":6},"end":{"line":147,"column":9}},"97":{"start":{"line":150,"column":27},"end":{"line":150,"column":83}},"98":{"start":{"line":151,"column":6},"end":{"line":156,"column":9}},"99":{"start":{"line":24,"column":13},"end":{"line":24,"column":32}}},"fnMap":{"0":{"name":"(anonymous_1)","decl":{"start":{"line":24,"column":32},"end":{"line":24,"column":33}},"loc":{"start":{"line":24,"column":51},"end":{"line":159,"column":1}}},"1":{"name":"(anonymous_2)","decl":{"start":{"line":30,"column":26},"end":{"line":30,"column":31}},"loc":{"start":{"line":30,"column":80},"end":{"line":81,"column":3}}},"2":{"name":"(anonymous_3)","decl":{"start":{"line":66,"column":41},"end":{"line":66,"column":42}},"loc":{"start":{"line":66,"column":59},"end":{"line":66,"column":110}}},"3":{"name":"(anonymous_4)","decl":{"start":{"line":67,"column":41},"end":{"line":67,"column":42}},"loc":{"start":{"line":67,"column":59},"end":{"line":67,"column":119}}},"4":{"name":"(anonymous_5)","decl":{"start":{"line":69,"column":41},"end":{"line":69,"column":42}},"loc":{"start":{"line":69,"column":59},"end":{"line":69,"column":110}}},"5":{"name":"(anonymous_6)","decl":{"start":{"line":70,"column":41},"end":{"line":70,"column":42}},"loc":{"start":{"line":70,"column":59},"end":{"line":70,"column":119}}},"6":{"name":"(anonymous_7)","decl":{"start":{"line":72,"column":35},"end":{"line":72,"column":40}},"loc":{"start":{"line":72,"column":46},"end":{"line":75,"column":5}}},"7":{"name":"(anonymous_8)","decl":{"start":{"line":77,"column":35},"end":{"line":77,"column":40}},"loc":{"start":{"line":77,"column":46},"end":{"line":80,"column":5}}},"8":{"name":"(anonymous_9)","decl":{"start":{"line":83,"column":26},"end":{"line":83,"column":27}},"loc":{"start":{"line":83,"column":43},"end":{"line":88,"column":3}}},"9":{"name":"(anonymous_10)","decl":{"start":{"line":90,"column":25},"end":{"line":90,"column":28}},"loc":{"start":{"line":90,"column":30},"end":{"line":93,"column":3}}},"10":{"name":"(anonymous_11)","decl":{"start":{"line":95,"column":26},"end":{"line":95,"column":31}},"loc":{"start":{"line":95,"column":37},"end":{"line":100,"column":3}}},"11":{"name":"(anonymous_12)","decl":{"start":{"line":102,"column":31},"end":{"line":102,"column":36}},"loc":{"start":{"line":102,"column":80},"end":{"line":158,"column":3}}},"12":{"name":"(anonymous_13)","decl":{"start":{"line":137,"column":24},"end":{"line":137,"column":25}},"loc":{"start":{"line":137,"column":41},"end":{"line":137,"column":74}}}},"branchMap":{"0":{"loc":{"start":{"line":17,"column":0},"end":{"line":17,"column":51}},"type":"if","locations":[{"start":{"line":17,"column":0},"end":{"line":17,"column":51}},{"start":{},"end":{}}]},"1":{"loc":{"start":{"line":31,"column":4},"end":{"line":31,"column":63}},"type":"if","locations":[{"start":{"line":31,"column":4},"end":{"line":31,"column":63}},{"start":{},"end":{}}]},"2":{"loc":{"start":{"line":32,"column":4},"end":{"line":32,"column":63}},"type":"if","locations":[{"start":{"line":32,"column":4},"end":{"line":32,"column":63}},{"start":{},"end":{}}]},"3":{"loc":{"start":{"line":35,"column":4},"end":{"line":35,"column":26}},"type":"if","locations":[{"start":{"line":35,"column":4},"end":{"line":35,"column":26}},{"start":{},"end":{}}]},"4":{"loc":{"start":{"line":41,"column":24},"end":{"line":41,"column":78}},"type":"binary-expr","locations":[{"start":{"line":41,"column":24},"end":{"line":41,"column":48}},{"start":{"line":41,"column":52},"end":{"line":41,"column":72}},{"start":{"line":41,"column":76},"end":{"line":41,"column":78}}]},"5":{"loc":{"start":{"line":46,"column":27},"end":{"line":46,"column":83}},"type":"cond-expr","locations":[{"start":{"line":46,"column":50},"end":{"line":46,"column":61}},{"start":{"line":46,"column":64},"end":{"line":46,"column":83}}]},"6":{"loc":{"start":{"line":84,"column":4},"end":{"line":84,"column":93}},"type":"if","locations":[{"start":{"line":84,"column":4},"end":{"line":84,"column":93}},{"start":{},"end":{}}]},"7":{"loc":{"start":{"line":84,"column":8},"end":{"line":84,"column":54}},"type":"binary-expr","locations":[{"start":{"line":84,"column":8},"end":{"line":84,"column":26}},{"start":{"line":84,"column":30},"end":{"line":84,"column":54}}]},"8":{"loc":{"start":{"line":85,"column":4},"end":{"line":85,"column":93}},"type":"if","locations":[{"start":{"line":85,"column":4},"end":{"line":85,"column":93}},{"start":{},"end":{}}]},"9":{"loc":{"start":{"line":85,"column":8},"end":{"line":85,"column":54}},"type":"binary-expr","locations":[{"start":{"line":85,"column":8},"end":{"line":85,"column":26}},{"start":{"line":85,"column":30},"end":{"line":85,"column":54}}]},"10":{"loc":{"start":{"line":91,"column":4},"end":{"line":91,"column":63}},"type":"if","locations":[{"start":{"line":91,"column":4},"end":{"line":91,"column":63}},{"start":{},"end":{}}]},"11":{"loc":{"start":{"line":92,"column":4},"end":{"line":92,"column":63}},"type":"if","locations":[{"start":{"line":92,"column":4},"end":{"line":92,"column":63}},{"start":{},"end":{}}]},"12":{"loc":{"start":{"line":96,"column":4},"end":{"line":96,"column":63}},"type":"if","locations":[{"start":{"line":96,"column":4},"end":{"line":96,"column":63}},{"start":{},"end":{}}]},"13":{"loc":{"start":{"line":97,"column":4},"end":{"line":97,"column":63}},"type":"if","locations":[{"start":{"line":97,"column":4},"end":{"line":97,"column":63}},{"start":{},"end":{}}]},"14":{"loc":{"start":{"line":109,"column":6},"end":{"line":112,"column":7}},"type":"if","locations":[{"start":{"line":109,"column":6},"end":{"line":112,"column":7}},{"start":{},"end":{}}]},"15":{"loc":{"start":{"line":109,"column":10},"end":{"line":109,"column":68}},"type":"binary-expr","locations":[{"start":{"line":109,"column":10},"end":{"line":109,"column":19}},{"start":{"line":109,"column":23},"end":{"line":109,"column":38}},{"start":{"line":109,"column":42},"end":{"line":109,"column":68}}]},"16":{"loc":{"start":{"line":118,"column":26},"end":{"line":118,"column":80}},"type":"binary-expr","locations":[{"start":{"line":118,"column":26},"end":{"line":118,"column":50}},{"start":{"line":118,"column":54},"end":{"line":118,"column":74}},{"start":{"line":118,"column":78},"end":{"line":118,"column":80}}]},"17":{"loc":{"start":{"line":120,"column":26},"end":{"line":120,"column":70}},"type":"binary-expr","locations":[{"start":{"line":120,"column":26},"end":{"line":120,"column":57}},{"start":{"line":120,"column":61},"end":{"line":120,"column":70}}]},"18":{"loc":{"start":{"line":124,"column":29},"end":{"line":124,"column":85}},"type":"cond-expr","locations":[{"start":{"line":124,"column":52},"end":{"line":124,"column":63}},{"start":{"line":124,"column":66},"end":{"line":124,"column":85}}]},"19":{"loc":{"start":{"line":134,"column":21},"end":{"line":134,"column":79}},"type":"cond-expr","locations":[{"start":{"line":134,"column":35},"end":{"line":134,"column":74}},{"start":{"line":134,"column":77},"end":{"line":134,"column":79}}]},"20":{"loc":{"start":{"line":150,"column":27},"end":{"line":150,"column":83}},"type":"cond-expr","locations":[{"start":{"line":150,"column":50},"end":{"line":150,"column":61}},{"start":{"line":150,"column":64},"end":{"line":150,"column":83}}]}},"s":{"0":2,"1":2,"2":2,"3":2,"4":2,"5":2,"6":2,"7":2,"8":2,"9":1,"10":2,"11":9,"12":9,"13":9,"14":9,"15":9,"16":5,"17":0,"18":5,"19":0,"20":5,"21":5,"22":1,"23":4,"24":4,"25":4,"26":4,"27":4,"28":3,"29":3,"30":1,"31":1,"32":1,"33":1,"34":3,"35":3,"36":3,"37":3,"38":3,"39":3,"40":3,"41":3,"42":3,"43":3,"44":1,"45":3,"46":1,"47":3,"48":1,"49":3,"50":1,"51":3,"52":1,"53":1,"54":3,"55":1,"56":1,"57":9,"58":2,"59":1,"60":2,"61":1,"62":2,"63":9,"64":2,"65":1,"66":2,"67":1,"68":9,"69":2,"70":1,"71":2,"72":1,"73":2,"74":2,"75":9,"76":3,"77":3,"78":3,"79":1,"80":1,"81":2,"82":2,"83":2,"84":2,"85":2,"86":2,"87":2,"88":0,"89":0,"90":0,"91":2,"92":2,"93":1,"94":2,"95":1,"96":1,"97":1,"98":1,"99":2},"f":{"0":9,"1":5,"2":1,"3":1,"4":1,"5":1,"6":1,"7":1,"8":2,"9":2,"10":2,"11":3,"12":2},"b":{"0":[1,1],"1":[0,5],"2":[0,5],"3":[1,4],"4":[4,1,1],"5":[1,0],"6":[1,1],"7":[2,1],"8":[1,1],"9":[2,1],"10":[1,1],"11":[1,1],"12":[1,1],"13":[1,1],"14":[1,2],"15":[3,3,3],"16":[2,2,2],"17":[2,2],"18":[0,0],"19":[1,1],"20":[1,0]}}
,"C:\\Users\\apera\\Documents\\UniTestCode\\backend\\src\\sockets\\index.ts": {"path":"C:\\Users\\apera\\Documents\\UniTestCode\\backend\\src\\sockets\\index.ts","statementMap":{"0":{"start":{"line":7,"column":0},"end":{"line":7,"column":50}},"1":{"start":{"line":8,"column":0},"end":{"line":8,"column":52}},"2":{"start":{"line":14,"column":28},"end":{"line":19,"column":1}},"3":{"start":{"line":15,"column":2},"end":{"line":18,"column":5}},"4":{"start":{"line":16,"column":4},"end":{"line":16,"column":28}},"5":{"start":{"line":17,"column":4},"end":{"line":17,"column":29}},"6":{"start":{"line":14,"column":13},"end":{"line":14,"column":28}}},"fnMap":{"0":{"name":"(anonymous_0)","decl":{"start":{"line":14,"column":28},"end":{"line":14,"column":29}},"loc":{"start":{"line":14,"column":43},"end":{"line":19,"column":1}}},"1":{"name":"(anonymous_1)","decl":{"start":{"line":15,"column":22},"end":{"line":15,"column":23}},"loc":{"start":{"line":15,"column":41},"end":{"line":18,"column":3}}}},"branchMap":{},"s":{"0":1,"1":1,"2":1,"3":1,"4":1,"5":1,"6":1},"f":{"0":1,"1":1},"b":{}}
,"C:\\Users\\apera\\Documents\\UniTestCode\\backend\\src\\sockets\\runHandler.ts": {"path":"C:\\Users\\apera\\Documents\\UniTestCode\\backend\\src\\sockets\\runHandler.ts","statementMap":{"0":{"start":{"line":7,"column":0},"end":{"line":7,"column":70}},"1":{"start":{"line":8,"column":0},"end":{"line":8,"column":24}},"2":{"start":{"line":9,"column":0},"end":{"line":9,"column":20}},"3":{"start":{"line":10,"column":0},"end":{"line":10,"column":20}},"4":{"start":{"line":11,"column":0},"end":{"line":11,"column":60}},"5":{"start":{"line":12,"column":0},"end":{"line":12,"column":64}},"6":{"start":{"line":14,"column":16},"end":{"line":14,"column":61}},"7":{"start":{"line":15,"column":0},"end":{"line":15,"column":51}},"8":{"start":{"line":15,"column":29},"end":{"line":15,"column":51}},"9":{"start":{"line":22,"column":31},"end":{"line":59,"column":1}},"10":{"start":{"line":23,"column":59},"end":{"line":23,"column":63}},"11":{"start":{"line":24,"column":24},"end":{"line":24,"column":26}},"12":{"start":{"line":26,"column":2},"end":{"line":49,"column":5}},"13":{"start":{"line":27,"column":4},"end":{"line":27,"column":49}},"14":{"start":{"line":27,"column":21},"end":{"line":27,"column":49}},"15":{"start":{"line":29,"column":20},"end":{"line":29,"column":52}},"16":{"start":{"line":30,"column":4},"end":{"line":30,"column":47}},"17":{"start":{"line":32,"column":21},"end":{"line":32,"column":55}},"18":{"start":{"line":33,"column":4},"end":{"line":33,"column":51}},"19":{"start":{"line":35,"column":4},"end":{"line":35,"column":60}},"20":{"start":{"line":37,"column":21},"end":{"line":37,"column":66}},"21":{"start":{"line":39,"column":4},"end":{"line":39,"column":86}},"22":{"start":{"line":41,"column":4},"end":{"line":41,"column":117}},"23":{"start":{"line":41,"column":44},"end":{"line":41,"column":115}},"24":{"start":{"line":42,"column":4},"end":{"line":42,"column":92}},"25":{"start":{"line":42,"column":52},"end":{"line":42,"column":90}},"26":{"start":{"line":43,"column":4},"end":{"line":43,"column":101}},"27":{"start":{"line":43,"column":52},"end":{"line":43,"column":99}},"28":{"start":{"line":45,"column":4},"end":{"line":48,"column":7}},"29":{"start":{"line":46,"column":6},"end":{"line":46,"column":46}},"30":{"start":{"line":47,"column":6},"end":{"line":47,"column":44}},"31":{"start":{"line":51,"column":2},"end":{"line":53,"column":5}},"32":{"start":{"line":52,"column":4},"end":{"line":52,"column":72}},"33":{"start":{"line":52,"column":42},"end":{"line":52,"column":72}},"34":{"start":{"line":55,"column":2},"end":{"line":58,"column":5}},"35":{"start":{"line":56,"column":4},"end":{"line":56,"column":49}},"36":{"start":{"line":56,"column":21},"end":{"line":56,"column":49}},"37":{"start":{"line":57,"column":4},"end":{"line":57,"column":42}},"38":{"start":{"line":22,"column":13},"end":{"line":22,"column":31}}},"fnMap":{"0":{"name":"(anonymous_1)","decl":{"start":{"line":22,"column":31},"end":{"line":22,"column":32}},"loc":{"start":{"line":22,"column":50},"end":{"line":59,"column":1}}},"1":{"name":"(anonymous_2)","decl":{"start":{"line":26,"column":25},"end":{"line":26,"column":30}},"loc":{"start":{"line":26,"column":48},"end":{"line":49,"column":3}}},"2":{"name":"(anonymous_3)","decl":{"start":{"line":41,"column":28},"end":{"line":41,"column":29}},"loc":{"start":{"line":41,"column":44},"end":{"line":41,"column":115}}},"3":{"name":"(anonymous_4)","decl":{"start":{"line":42,"column":34},"end":{"line":42,"column":35}},"loc":{"start":{"line":42,"column":52},"end":{"line":42,"column":90}}},"4":{"name":"(anonymous_5)","decl":{"start":{"line":43,"column":34},"end":{"line":43,"column":35}},"loc":{"start":{"line":43,"column":52},"end":{"line":43,"column":99}}},"5":{"name":"(anonymous_6)","decl":{"start":{"line":45,"column":28},"end":{"line":45,"column":33}},"loc":{"start":{"line":45,"column":51},"end":{"line":48,"column":5}}},"6":{"name":"(anonymous_7)","decl":{"start":{"line":51,"column":21},"end":{"line":51,"column":22}},"loc":{"start":{"line":51,"column":38},"end":{"line":53,"column":3}}},"7":{"name":"(anonymous_8)","decl":{"start":{"line":55,"column":26},"end":{"line":55,"column":31}},"loc":{"start":{"line":55,"column":37},"end":{"line":58,"column":3}}}},"branchMap":{"0":{"loc":{"start":{"line":15,"column":0},"end":{"line":15,"column":51}},"type":"if","locations":[{"start":{"line":15,"column":0},"end":{"line":15,"column":51}},{"start":{},"end":{}}]},"1":{"loc":{"start":{"line":27,"column":4},"end":{"line":27,"column":49}},"type":"if","locations":[{"start":{"line":27,"column":4},"end":{"line":27,"column":49}},{"start":{},"end":{}}]},"2":{"loc":{"start":{"line":52,"column":4},"end":{"line":52,"column":72}},"type":"if","locations":[{"start":{"line":52,"column":4},"end":{"line":52,"column":72}},{"start":{},"end":{}}]},"3":{"loc":{"start":{"line":52,"column":8},"end":{"line":52,"column":40}},"type":"binary-expr","locations":[{"start":{"line":52,"column":8},"end":{"line":52,"column":19}},{"start":{"line":52,"column":23},"end":{"line":52,"column":40}}]},"4":{"loc":{"start":{"line":56,"column":4},"end":{"line":56,"column":49}},"type":"if","locations":[{"start":{"line":56,"column":4},"end":{"line":56,"column":49}},{"start":{},"end":{}}]}},"s":{"0":2,"1":2,"2":2,"3":2,"4":2,"5":2,"6":2,"7":2,"8":1,"9":2,"10":5,"11":5,"12":5,"13":5,"14":1,"15":5,"16":5,"17":5,"18":5,"19":5,"20":5,"21":5,"22":5,"23":1,"24":5,"25":1,"26":5,"27":1,"28":5,"29":1,"30":1,"31":5,"32":2,"33":1,"34":5,"35":2,"36":1,"37":2,"38":2},"f":{"0":5,"1":5,"2":1,"3":1,"4":1,"5":1,"6":2,"7":2},"b":{"0":[1,1],"1":[1,4],"2":[1,1],"3":[2,1],"4":[1,1]}}
,"C:\\Users\\apera\\Documents\\UniTestCode\\backend\\src\\sockets\\utils.ts": {"path":"C:\\Users\\apera\\Documents\\UniTestCode\\backend\\src\\sockets\\utils.ts","statementMap":{"0":{"start":{"line":7,"column":0},"end":{"line":7,"column":20}},"1":{"start":{"line":15,"column":34},"end":{"line":21,"column":1}},"2":{"start":{"line":16,"column":15},"end":{"line":16,"column":30}},"3":{"start":{"line":17,"column":2},"end":{"line":19,"column":3}},"4":{"start":{"line":18,"column":6},"end":{"line":18,"column":134}},"5":{"start":{"line":20,"column":2},"end":{"line":20,"column":16}},"6":{"start":{"line":15,"column":13},"end":{"line":15,"column":34}},"7":{"start":{"line":29,"column":30},"end":{"line":37,"column":1}},"8":{"start":{"line":30,"column":2},"end":{"line":36,"column":3}},"9":{"start":{"line":31,"column":4},"end":{"line":33,"column":5}},"10":{"start":{"line":32,"column":6},"end":{"line":32,"column":41}},"11":{"start":{"line":29,"column":13},"end":{"line":29,"column":30}}},"fnMap":{"0":{"name":"(anonymous_1)","decl":{"start":{"line":15,"column":34},"end":{"line":15,"column":35}},"loc":{"start":{"line":15,"column":59},"end":{"line":21,"column":1}}},"1":{"name":"(anonymous_2)","decl":{"start":{"line":29,"column":30},"end":{"line":29,"column":35}},"loc":{"start":{"line":29,"column":57},"end":{"line":37,"column":1}}}},"branchMap":{"0":{"loc":{"start":{"line":17,"column":2},"end":{"line":19,"column":3}},"type":"if","locations":[{"start":{"line":17,"column":2},"end":{"line":19,"column":3}},{"start":{},"end":{}}]},"1":{"loc":{"start":{"line":31,"column":4},"end":{"line":33,"column":5}},"type":"if","locations":[{"start":{"line":31,"column":4},"end":{"line":33,"column":5}},{"start":{},"end":{}}]}},"s":{"0":5,"1":5,"2":5,"3":5,"4":1,"5":5,"6":5,"7":5,"8":12,"9":12,"10":11,"11":5},"f":{"0":5,"1":12},"b":{"0":[1,4],"1":[11,1]}}
,"C:\\Users\\apera\\Documents\\UniTestCode\\backend\\src\\utils\\appError.ts": {"path":"C:\\Users\\apera\\Documents\\UniTestCode\\backend\\src\\utils\\appError.ts","statementMap":{"0":{"start":{"line":16,"column":4},"end":{"line":16,"column":19}},"1":{"start":{"line":15,"column":21},"end":{"line":15,"column":36}},"2":{"start":{"line":15,"column":45},"end":{"line":15,"column":66}},"3":{"start":{"line":17,"column":4},"end":{"line":17,"column":52}},"4":{"start":{"line":10,"column":0},"end":{"line":10,"column":13}},"5":{"start":{"line":27,"column":26},"end":{"line":31,"column":1}},"6":{"start":{"line":28,"column":2},"end":{"line":30,"column":4}},"7":{"start":{"line":29,"column":4},"end":{"line":29,"column":59}},"8":{"start":{"line":27,"column":13},"end":{"line":27,"column":26}}},"fnMap":{"0":{"name":"(anonymous_0)","decl":{"start":{"line":15,"column":2},"end":{"line":15,"column":21}},"loc":{"start":{"line":15,"column":69},"end":{"line":18,"column":3}}},"1":{"name":"(anonymous_1)","decl":{"start":{"line":27,"column":26},"end":{"line":27,"column":27}},"loc":{"start":{"line":27,"column":43},"end":{"line":31,"column":1}}},"2":{"name":"(anonymous_2)","decl":{"start":{"line":28,"column":9},"end":{"line":28,"column":10}},"loc":{"start":{"line":28,"column":43},"end":{"line":30,"column":3}}}},"branchMap":{"0":{"loc":{"start":{"line":15,"column":45},"end":{"line":15,"column":69}},"type":"default-arg","locations":[{"start":{"line":15,"column":66},"end":{"line":15,"column":69}}]}},"s":{"0":15,"1":15,"2":15,"3":15,"4":9,"5":9,"6":77,"7":27,"8":9},"f":{"0":15,"1":77,"2":27},"b":{"0":[1]}}
}
