TN:
SF:src\main.ts
FN:43,(anonymous_1)
FN:55,(anonymous_2)
FNF:2
FNH:2
FNDA:2,(anonymous_1)
FNDA:1,(anonymous_2)
DA:7,4
DA:8,4
DA:9,4
DA:10,4
DA:11,4
DA:12,4
DA:13,4
DA:14,4
DA:16,4
DA:17,4
DA:22,4
DA:29,4
DA:30,4
DA:31,4
DA:33,4
DA:34,4
DA:35,4
DA:37,4
DA:43,4
DA:44,2
DA:45,2
DA:47,2
DA:53,4
DA:55,4
DA:56,1
LF:25
LH:25
BRDA:44,0,0,2
BRDA:44,0,1,1
BRDA:45,1,0,2
BRDA:45,1,1,1
BRDA:53,2,0,4
BRDA:53,2,1,0
BRF:6
BRH:5
end_of_record
TN:
SF:src\controllers\auth.ts
FN:34,(anonymous_1)
FN:63,(anonymous_2)
FNF:2
FNH:2
FNDA:3,(anonymous_1)
FNDA:3,(anonymous_2)
DA:7,5
DA:8,5
DA:9,5
DA:10,5
DA:17,5
DA:22,5
DA:34,5
DA:35,3
DA:37,3
DA:38,1
DA:41,2
DA:43,2
DA:44,2
DA:48,1
DA:50,1
DA:63,5
DA:64,3
DA:66,3
DA:68,3
DA:69,2
DA:72,1
DA:78,1
LF:22
LH:22
BRDA:17,0,0,5
BRDA:17,0,1,1
BRDA:37,1,0,1
BRDA:37,1,1,2
BRDA:41,2,0,2
BRDA:41,2,1,1
BRDA:45,3,0,2
BRDA:45,3,1,1
BRDA:68,4,0,2
BRDA:68,4,1,1
BRDA:68,5,0,3
BRDA:68,5,1,2
BRDA:68,6,0,2
BRDA:68,6,1,0
BRF:14
BRH:13
end_of_record
TN:
SF:src\controllers\exercise.ts
FN:19,(anonymous_0)
FN:34,(anonymous_1)
FN:61,(anonymous_2)
FN:93,(anonymous_3)
FN:110,(anonymous_4)
FN:131,(anonymous_5)
FN:151,(anonymous_6)
FN:161,(anonymous_7)
FN:182,(anonymous_8)
FN:197,(anonymous_9)
FN:221,(anonymous_10)
FNF:11
FNH:10
FNDA:1,(anonymous_0)
FNDA:2,(anonymous_1)
FNDA:1,(anonymous_2)
FNDA:1,(anonymous_3)
FNDA:3,(anonymous_4)
FNDA:1,(anonymous_5)
FNDA:1,(anonymous_6)
FNDA:1,(anonymous_7)
FNDA:1,(anonymous_8)
FNDA:1,(anonymous_9)
FNDA:0,(anonymous_10)
DA:8,5
DA:9,5
DA:10,5
DA:11,5
DA:19,5
DA:20,1
DA:23,1
DA:34,5
DA:35,2
DA:37,2
DA:39,2
DA:51,2
DA:61,5
DA:62,1
DA:63,1
DA:65,1
DA:66,1
DA:67,1
DA:68,1
DA:69,1
DA:71,1
DA:72,1
DA:73,1
DA:78,1
DA:84,1
DA:93,5
DA:94,1
DA:95,1
DA:98,1
DA:110,5
DA:111,3
DA:112,3
DA:114,3
DA:119,3
DA:121,2
DA:123,2
DA:124,2
DA:125,2
DA:126,1
DA:128,1
DA:131,1
DA:132,1
DA:133,1
DA:136,1
DA:137,1
DA:138,1
DA:140,1
DA:150,1
DA:151,1
DA:152,1
DA:161,5
DA:162,1
DA:163,1
DA:165,1
DA:173,1
DA:182,5
DA:183,1
DA:184,1
DA:187,1
DA:197,5
DA:198,1
DA:199,1
DA:200,1
DA:202,1
DA:203,2
DA:207,2
DA:208,1
DA:209,1
DA:212,1
DA:221,0
DA:228,1
DA:230,1
LF:72
LH:71
BRDA:35,0,0,0
BRDA:35,1,0,2
BRDA:37,2,0,1
BRDA:37,2,1,1
BRDA:37,3,0,1
BRDA:37,3,1,0
BRDA:37,4,0,1
BRDA:37,4,1,0
BRDA:45,5,0,2
BRDA:45,5,1,0
BRDA:47,6,0,0
BRDA:47,6,1,2
BRDA:66,7,0,0
BRDA:66,7,1,1
BRDA:67,8,0,0
BRDA:67,8,1,1
BRDA:68,9,0,0
BRDA:68,9,1,1
BRDA:69,10,0,1
BRDA:69,10,1,0
BRDA:71,11,0,1
BRDA:71,11,1,0
BRDA:73,12,0,1
BRDA:73,12,1,0
BRDA:73,13,0,1
BRDA:73,13,1,0
BRDA:119,14,0,1
BRDA:119,14,1,2
BRDA:124,15,0,2
BRDA:124,15,1,1
BRDA:124,15,2,1
BRDA:132,16,0,1
BRDA:132,16,1,0
BRDA:207,17,0,1
BRDA:207,17,1,1
BRDA:216,18,0,1
BRDA:216,18,1,1
BRDA:217,19,0,1
BRDA:217,19,1,1
BRDA:221,20,0,1
BRDA:221,20,1,1
BRF:41
BRH:28
end_of_record
TN:
SF:src\controllers\user.ts
FN:19,(anonymous_1)
FN:35,(anonymous_2)
FN:60,(anonymous_3)
FN:89,(anonymous_4)
FN:107,(anonymous_5)
FNF:5
FNH:5
FNDA:1,(anonymous_1)
FNDA:2,(anonymous_2)
FNDA:2,(anonymous_3)
FNDA:2,(anonymous_4)
FNDA:1,(anonymous_5)
DA:7,5
DA:8,5
DA:10,5
DA:19,5
DA:20,1
DA:24,1
DA:35,5
DA:36,2
DA:37,2
DA:39,2
DA:40,2
DA:48,1
DA:50,1
DA:60,5
DA:61,2
DA:62,2
DA:64,2
DA:67,2
DA:68,1
DA:71,2
DA:77,2
DA:89,5
DA:90,2
DA:92,2
DA:93,1
DA:96,1
DA:97,1
DA:107,5
DA:108,1
DA:109,1
DA:110,1
DA:113,1
DA:115,1
DA:116,3
DA:118,2
DA:119,2
DA:120,1
DA:121,1
DA:124,1
DA:127,1
DA:129,1
LF:41
LH:41
BRDA:44,0,0,2
BRDA:44,0,1,2
BRDA:67,1,0,1
BRDA:67,1,1,1
BRDA:67,2,0,2
BRDA:67,2,1,1
BRDA:92,3,0,1
BRDA:92,3,1,1
BRDA:116,4,0,1
BRDA:116,4,1,2
BRDA:119,5,0,1
BRDA:119,5,1,1
BRDA:125,6,0,1
BRDA:125,6,1,1
BRF:14
BRH:14
end_of_record
TN:
SF:src\middleware\auth.ts
FN:40,(anonymous_1)
FN:66,(anonymous_2)
FNF:2
FNH:2
FNDA:4,(anonymous_1)
FNDA:3,(anonymous_2)
DA:7,5
DA:8,5
DA:10,5
DA:40,5
DA:41,4
DA:43,4
DA:44,2
DA:47,2
DA:49,2
DA:50,2
DA:51,1
DA:52,1
DA:54,1
DA:66,5
DA:67,3
DA:68,2
DA:70,1
LF:17
LH:17
BRDA:10,0,0,5
BRDA:10,0,1,1
BRDA:43,1,0,2
BRDA:43,1,1,2
BRDA:43,2,0,4
BRDA:43,2,1,3
BRDA:67,3,0,2
BRDA:67,3,1,1
BRDA:67,4,0,3
BRDA:67,4,1,2
BRF:10
BRH:10
end_of_record
TN:
SF:src\routes\auth.ts
FNF:0
FNH:0
DA:9,5
DA:10,5
DA:12,5
DA:14,5
DA:15,5
DA:17,5
LF:6
LH:6
BRF:0
BRH:0
end_of_record
TN:
SF:src\routes\exercise.ts
FNF:0
FNH:0
DA:15,5
DA:16,5
DA:27,5
DA:29,5
DA:30,5
DA:31,5
DA:32,5
DA:33,5
DA:35,5
DA:36,5
DA:38,5
DA:40,5
LF:12
LH:12
BRF:0
BRH:0
end_of_record
TN:
SF:src\routes\user.ts
FNF:0
FNH:0
DA:13,5
DA:14,5
DA:15,5
DA:17,5
DA:19,5
DA:21,5
DA:22,5
DA:23,5
DA:24,5
DA:25,5
DA:27,5
LF:11
LH:11
BRF:0
BRH:0
end_of_record
TN:
SF:src\services\db.ts
FNF:0
FNH:0
DA:6,7
DA:13,7
DA:18,7
DA:20,7
DA:21,6
LF:5
LH:5
BRDA:18,0,0,7
BRDA:18,0,1,3
BRDA:20,1,0,6
BRDA:20,1,1,1
BRF:4
BRH:4
end_of_record
TN:
SF:src\services\evaluator.ts
FN:42,(anonymous_1)
FN:61,(anonymous_2)
FN:62,(anonymous_3)
FN:63,(anonymous_4)
FN:102,(anonymous_5)
FN:103,(anonymous_6)
FN:112,(anonymous_7)
FN:122,(anonymous_8)
FN:123,(anonymous_9)
FN:125,(anonymous_10)
FN:134,(anonymous_11)
FN:149,(anonymous_12)
FN:159,(anonymous_13)
FNF:13
FNH:13
FNDA:6,(anonymous_1)
FNDA:7,(anonymous_2)
FNDA:9,(anonymous_3)
FNDA:18,(anonymous_4)
FNDA:5,(anonymous_5)
FNDA:5,(anonymous_6)
FNDA:1,(anonymous_7)
FNDA:1,(anonymous_8)
FNDA:1,(anonymous_9)
FNDA:4,(anonymous_10)
FNDA:1,(anonymous_11)
FNDA:5,(anonymous_12)
FNDA:1,(anonymous_13)
DA:7,6
DA:8,6
DA:9,6
DA:10,6
DA:11,6
DA:30,6
DA:31,6
DA:42,6
DA:43,6
DA:44,6
DA:46,6
DA:48,6
DA:49,3
DA:50,3
DA:51,3
DA:54,6
DA:55,4
DA:56,4
DA:58,4
DA:59,4
DA:61,4
DA:62,9
DA:63,18
DA:64,7
DA:67,4
DA:68,4
DA:70,3
DA:71,3
DA:73,2
DA:75,2
DA:81,2
DA:83,2
DA:84,1
DA:85,1
DA:86,1
DA:89,4
DA:90,4
DA:92,4
DA:102,6
DA:103,5
DA:104,5
DA:105,5
DA:107,5
DA:108,5
DA:109,5
DA:112,5
DA:113,1
DA:114,1
DA:117,5
DA:118,1
DA:119,1
DA:122,5
DA:123,5
DA:125,5
DA:126,4
DA:127,4
DA:134,5
DA:135,1
DA:136,1
DA:149,6
DA:150,5
DA:151,5
DA:153,5
DA:155,5
DA:156,5
DA:158,5
DA:159,4
LF:67
LH:67
BRDA:31,0,0,1
BRDA:31,0,1,5
BRDA:48,1,0,3
BRDA:48,1,1,3
BRDA:51,2,0,1
BRDA:51,2,1,2
BRDA:54,3,0,4
BRDA:54,3,1,2
BRDA:54,4,0,6
BRDA:54,4,1,4
BRDA:64,5,0,2
BRDA:64,5,1,5
BRDA:68,6,0,1
BRDA:68,6,1,3
BRDA:71,7,0,1
BRDA:71,7,1,2
BRDA:83,8,0,1
BRDA:83,8,1,1
BRDA:117,9,0,1
BRDA:117,9,1,4
BRDA:149,10,0,3
BRDA:149,11,0,4
BRDA:158,12,0,4
BRDA:158,12,1,1
BRF:24
BRH:24
end_of_record
TN:
SF:src\services\parser.ts
FN:75,(anonymous_0)
FN:93,(anonymous_1)
FN:97,(anonymous_2)
FN:103,(anonymous_3)
FN:116,(anonymous_4)
FN:127,(anonymous_5)
FN:135,(anonymous_6)
FN:143,(anonymous_7)
FN:160,(anonymous_8)
FN:161,(anonymous_9)
FN:175,(anonymous_10)
FN:188,(anonymous_11)
FNF:12
FNH:12
FNDA:7,(anonymous_0)
FNDA:7,(anonymous_1)
FNDA:1,(anonymous_2)
FNDA:1,(anonymous_3)
FNDA:7,(anonymous_4)
FNDA:7,(anonymous_5)
FNDA:1,(anonymous_6)
FNDA:1,(anonymous_7)
FNDA:7,(anonymous_8)
FNDA:3,(anonymous_9)
FNDA:7,(anonymous_10)
FNDA:9,(anonymous_11)
DA:6,6
DA:9,6
DA:75,6
DA:77,7
DA:79,7
DA:81,7
DA:83,7
DA:84,7
DA:93,6
DA:94,7
DA:97,7
DA:98,1
DA:99,1
DA:103,7
DA:104,1
DA:105,1
DA:107,7
DA:116,6
DA:117,7
DA:127,6
DA:128,7
DA:129,7
DA:130,7
DA:131,7
DA:132,7
DA:135,7
DA:136,1
DA:137,1
DA:138,1
DA:139,1
DA:143,7
DA:144,1
DA:145,1
DA:146,1
DA:147,1
DA:150,7
DA:160,6
DA:161,7
DA:162,3
DA:163,3
DA:164,3
DA:165,3
DA:175,6
DA:176,7
DA:177,1
DA:179,6
DA:188,6
DA:189,9
DA:191,7
DA:192,7
DA:193,7
DA:194,7
DA:195,7
DA:196,7
DA:197,7
DA:199,7
LF:56
LH:56
BRDA:150,0,0,1
BRDA:150,0,1,6
BRDA:163,1,0,2
BRDA:163,1,1,1
BRDA:164,2,0,2
BRDA:164,2,1,1
BRDA:176,3,0,1
BRDA:176,3,1,6
BRDA:189,4,0,2
BRDA:189,4,1,7
BRF:10
BRH:10
end_of_record
TN:
SF:src\sockets\duelHandler.ts
FN:24,(anonymous_1)
FN:30,(anonymous_2)
FN:66,(anonymous_3)
FN:67,(anonymous_4)
FN:69,(anonymous_5)
FN:70,(anonymous_6)
FN:72,(anonymous_7)
FN:77,(anonymous_8)
FN:83,(anonymous_9)
FN:90,(anonymous_10)
FN:95,(anonymous_11)
FN:102,(anonymous_12)
FN:137,(anonymous_13)
FNF:13
FNH:13
FNDA:9,(anonymous_1)
FNDA:5,(anonymous_2)
FNDA:1,(anonymous_3)
FNDA:1,(anonymous_4)
FNDA:1,(anonymous_5)
FNDA:1,(anonymous_6)
FNDA:1,(anonymous_7)
FNDA:1,(anonymous_8)
FNDA:2,(anonymous_9)
FNDA:2,(anonymous_10)
FNDA:2,(anonymous_11)
FNDA:3,(anonymous_12)
FNDA:2,(anonymous_13)
DA:8,2
DA:9,2
DA:10,2
DA:11,2
DA:12,2
DA:13,2
DA:14,2
DA:16,2
DA:17,2
DA:24,2
DA:25,9
DA:26,9
DA:27,9
DA:28,9
DA:30,9
DA:31,5
DA:32,5
DA:34,5
DA:35,5
DA:37,4
DA:38,4
DA:40,4
DA:41,4
DA:42,4
DA:43,3
DA:44,3
DA:46,1
DA:47,1
DA:48,1
DA:49,1
DA:52,3
DA:53,3
DA:55,3
DA:56,3
DA:58,3
DA:59,3
DA:61,3
DA:63,3
DA:64,3
DA:66,3
DA:67,3
DA:69,3
DA:70,3
DA:72,3
DA:73,1
DA:74,1
DA:77,3
DA:78,1
DA:79,1
DA:83,9
DA:84,2
DA:85,2
DA:87,2
DA:90,9
DA:91,2
DA:92,2
DA:95,9
DA:96,2
DA:97,2
DA:98,2
DA:99,2
DA:102,9
DA:103,3
DA:104,3
DA:109,3
DA:110,1
DA:111,1
DA:114,2
DA:115,2
DA:117,2
DA:118,2
DA:120,2
DA:121,2
DA:122,2
DA:124,0
DA:125,0
DA:131,0
DA:134,2
DA:135,2
DA:137,2
DA:138,1
DA:140,1
DA:150,1
DA:151,1
LF:84
LH:81
BRDA:17,0,0,1
BRDA:17,0,1,1
BRDA:31,1,0,0
BRDA:31,1,1,5
BRDA:32,2,0,0
BRDA:32,2,1,5
BRDA:35,3,0,1
BRDA:35,3,1,4
BRDA:41,4,0,4
BRDA:41,4,1,1
BRDA:41,4,2,1
BRDA:46,5,0,1
BRDA:46,5,1,0
BRDA:84,6,0,1
BRDA:84,6,1,1
BRDA:84,7,0,2
BRDA:84,7,1,1
BRDA:85,8,0,1
BRDA:85,8,1,1
BRDA:85,9,0,2
BRDA:85,9,1,1
BRDA:91,10,0,1
BRDA:91,10,1,1
BRDA:92,11,0,1
BRDA:92,11,1,1
BRDA:96,12,0,1
BRDA:96,12,1,1
BRDA:97,13,0,1
BRDA:97,13,1,1
BRDA:109,14,0,1
BRDA:109,14,1,2
BRDA:109,15,0,3
BRDA:109,15,1,3
BRDA:109,15,2,3
BRDA:118,16,0,2
BRDA:118,16,1,2
BRDA:118,16,2,2
BRDA:120,17,0,2
BRDA:120,17,1,2
BRDA:124,18,0,0
BRDA:124,18,1,0
BRDA:134,19,0,1
BRDA:134,19,1,1
BRDA:150,20,0,1
BRDA:150,20,1,0
BRF:45
BRH:39
end_of_record
TN:
SF:src\sockets\index.ts
FN:14,(anonymous_0)
FN:15,(anonymous_1)
FNF:2
FNH:2
FNDA:1,(anonymous_0)
FNDA:1,(anonymous_1)
DA:7,1
DA:8,1
DA:14,1
DA:15,1
DA:16,1
DA:17,1
LF:6
LH:6
BRF:0
BRH:0
end_of_record
TN:
SF:src\sockets\runHandler.ts
FN:22,(anonymous_1)
FN:26,(anonymous_2)
FN:41,(anonymous_3)
FN:42,(anonymous_4)
FN:43,(anonymous_5)
FN:45,(anonymous_6)
FN:51,(anonymous_7)
FN:55,(anonymous_8)
FNF:8
FNH:8
FNDA:5,(anonymous_1)
FNDA:5,(anonymous_2)
FNDA:1,(anonymous_3)
FNDA:1,(anonymous_4)
FNDA:1,(anonymous_5)
FNDA:1,(anonymous_6)
FNDA:2,(anonymous_7)
FNDA:2,(anonymous_8)
DA:7,2
DA:8,2
DA:9,2
DA:10,2
DA:11,2
DA:12,2
DA:14,2
DA:15,2
DA:22,2
DA:23,5
DA:24,5
DA:26,5
DA:27,5
DA:29,5
DA:30,5
DA:32,5
DA:33,5
DA:35,5
DA:37,5
DA:39,5
DA:41,5
DA:42,5
DA:43,5
DA:45,5
DA:46,1
DA:47,1
DA:51,5
DA:52,2
DA:55,5
DA:56,2
DA:57,2
LF:31
LH:31
BRDA:15,0,0,1
BRDA:15,0,1,1
BRDA:27,1,0,1
BRDA:27,1,1,4
BRDA:52,2,0,1
BRDA:52,2,1,1
BRDA:52,3,0,2
BRDA:52,3,1,1
BRDA:56,4,0,1
BRDA:56,4,1,1
BRF:10
BRH:10
end_of_record
TN:
SF:src\sockets\utils.ts
FN:15,(anonymous_1)
FN:29,(anonymous_2)
FNF:2
FNH:2
FNDA:5,(anonymous_1)
FNDA:12,(anonymous_2)
DA:7,5
DA:15,5
DA:16,5
DA:17,5
DA:18,1
DA:20,5
DA:29,5
DA:30,12
DA:31,12
DA:32,11
LF:10
LH:10
BRDA:17,0,0,1
BRDA:17,0,1,4
BRDA:31,1,0,11
BRDA:31,1,1,1
BRF:4
BRH:4
end_of_record
TN:
SF:src\utils\appError.ts
FN:15,(anonymous_0)
FN:27,(anonymous_1)
FN:28,(anonymous_2)
FNF:3
FNH:3
FNDA:15,(anonymous_0)
FNDA:77,(anonymous_1)
FNDA:27,(anonymous_2)
DA:10,9
DA:15,15
DA:16,15
DA:17,15
DA:27,9
DA:28,77
DA:29,27
LF:7
LH:7
BRDA:15,0,0,1
BRF:1
BRH:1
end_of_record
